#
# There is insufficient memory for the Java Runtime Environment to continue.
# Native memory allocation (malloc) failed to allocate 968816 bytes for Chunk::new
# Possible reasons:
#   The system is out of physical RAM or swap space
#   The process is running with CompressedOops enabled, and the Java Heap may be blocking the growth of the native heap
# Possible solutions:
#   Reduce memory load on the system
#   Increase physical memory or swap space
#   Check if swap backing store is full
#   Decrease Java heap size (-Xmx/-Xms)
#   Decrease number of Java threads
#   Decrease Java thread stack sizes (-Xss)
#   Set larger code cache with -XX:ReservedCodeCacheSize=
#   JVM is running with Unscaled Compressed Oops mode in which the Java heap is
#     placed in the first 4GB address space. The Java Heap base address is the
#     maximum limit for the native heap growth. Please use -XX:HeapBaseMinAddress
#     to set the Java Heap base and to place the Java Heap above 4GB virtual address.
# This output file may be truncated or incomplete.
#
#  Out of Memory Error (arena.cpp:189), pid=16400, tid=34092
#
# JRE version: Java(TM) SE Runtime Environment (17.0.10+11) (build 17.0.10+11-LTS-240)
# Java VM: Java HotSpot(TM) 64-Bit Server VM (17.0.10+11-LTS-240, mixed mode, sharing, tiered, compressed oops, compressed class ptrs, g1 gc, windows-amd64)
# No core dump will be written. Minidumps are not enabled by default on client versions of Windows
#

---------------  S U M M A R Y ------------

Command Line: --add-opens=java.base/java.util=ALL-UNNAMED --add-opens=java.base/java.lang=ALL-UNNAMED --add-opens=java.base/java.lang.invoke=ALL-UNNAMED --add-opens=java.prefs/java.util.prefs=ALL-UNNAMED --add-opens=java.base/java.nio.charset=ALL-UNNAMED --add-opens=java.base/java.net=ALL-UNNAMED --add-opens=java.base/java.util.concurrent.atomic=ALL-UNNAMED -XX:MaxMetaspaceSize=384m -XX:+HeapDumpOnOutOfMemoryError -Xms256m -Xmx512m -Dfile.encoding=windows-1251 -Duser.country=US -Duser.language=en -Duser.variant -javaagent:C:\Users\AMDDESK\.gradle\wrapper\dists\gradle-8.4-bin\1w5dpkrfk8irigvoxmyhowfim\gradle-8.4\lib\agents\gradle-instrumentation-agent-8.4.jar org.gradle.launcher.daemon.bootstrap.GradleDaemon 8.4

Host: AMD Ryzen 5 2600 Six-Core Processor            , 12 cores, 15G,  Windows 10 , 64 bit Build 19041 (10.0.19041.3636)
Time: Mon Feb 12 17:14:29 2024 Eastern Standard Time elapsed time: 1133.827477 seconds (0d 0h 18m 53s)

---------------  T H R E A D  ---------------

Current thread (0x000002a9e99cfd80):  JavaThread "C2 CompilerThread2" daemon [_thread_in_native, id=34092, stack(0x000000fcb1d00000,0x000000fcb1e00000)]


Current CompileTask:
C2:1133827 18259   !   4       org.gradle.internal.serialize.ExceptionReplacingObjectOutputStream$1::transform (15 bytes)

Stack: [0x000000fcb1d00000,0x000000fcb1e00000]
Native frames: (J=compiled Java code, j=interpreted, Vv=VM code, C=native code)
V  [jvm.dll+0x677a5a]
V  [jvm.dll+0x7d8b2d]
V  [jvm.dll+0x7da48e]
V  [jvm.dll+0x7daaf3]
V  [jvm.dll+0x2455ff]
V  [jvm.dll+0xaaafb]
V  [jvm.dll+0xab09c]
V  [jvm.dll+0x2aafef]
V  [jvm.dll+0x57fd55]
V  [jvm.dll+0x220472]
V  [jvm.dll+0x219070]
V  [jvm.dll+0x216c79]
V  [jvm.dll+0x1a3410]
V  [jvm.dll+0x226aeb]
V  [jvm.dll+0x224cab]
V  [jvm.dll+0x78e45c]
V  [jvm.dll+0x78888a]
V  [jvm.dll+0x676935]
C  [ucrtbase.dll+0x21bb2]
C  [KERNEL32.DLL+0x17344]
C  [ntdll.dll+0x526b1]


---------------  P R O C E S S  ---------------

Threads class SMR info:
_java_thread_list=0x000002a985785b10, length=58, elements={
0x000002a9ce466400, 0x000002a9e9196e20, 0x000002a9e9197bb0, 0x000002a9e91af910,
0x000002a9e91b22f0, 0x000002a9e91b2bc0, 0x000002a9e91b3490, 0x000002a9e91b4090,
0x000002a9e91b7f50, 0x000002a9e91b8860, 0x000002a9e9182730, 0x000002a9e9468840,
0x000002a984384630, 0x000002a98463c7e0, 0x000002a984573750, 0x000002a984b1f580,
0x000002a984b209c0, 0x000002a984b20ed0, 0x000002a984b218f0, 0x000002a984b21e00,
0x000002a984f8cdf0, 0x000002a984f8c8e0, 0x000002a984f8b9b0, 0x000002a984f8aa80,
0x000002a984f8a570, 0x000002a984f8d300, 0x000002a984ef3160, 0x000002a984ef4ab0,
0x000002a984ef3670, 0x000002a9840105e0, 0x000002a984f8bec0, 0x000002a984f8d810,
0x000002a984eeef90, 0x000002a984eef9b0, 0x000002a984eefec0, 0x000002a984ef03d0,
0x000002a986d31680, 0x000002a986d32fd0, 0x000002a986d371a0, 0x000002a986d32ac0,
0x000002a986d376b0, 0x000002a984015bf0, 0x000002a984eef4a0, 0x000002a984eee060,
0x000002a984ef4090, 0x000002a984ef4fc0, 0x000002a984ef2230, 0x000002a984a1f7b0,
0x000002a984ef1d20, 0x000002a986d30240, 0x000002a986d339f0, 0x000002a986d34410,
0x000002a986d2fd30, 0x000002a986d31170, 0x000002a986d325b0, 0x000002a986d35340,
0x000002a986d34920, 0x000002a9e99cfd80
}

Java Threads: ( => current thread )
  0x000002a9ce466400 JavaThread "main" [_thread_blocked, id=38312, stack(0x000000fcabd00000,0x000000fcabe00000)]
  0x000002a9e9196e20 JavaThread "Reference Handler" daemon [_thread_blocked, id=9636, stack(0x000000fcac400000,0x000000fcac500000)]
  0x000002a9e9197bb0 JavaThread "Finalizer" daemon [_thread_blocked, id=8356, stack(0x000000fcac500000,0x000000fcac600000)]
  0x000002a9e91af910 JavaThread "Signal Dispatcher" daemon [_thread_blocked, id=44644, stack(0x000000fcac600000,0x000000fcac700000)]
  0x000002a9e91b22f0 JavaThread "Attach Listener" daemon [_thread_blocked, id=42524, stack(0x000000fcac700000,0x000000fcac800000)]
  0x000002a9e91b2bc0 JavaThread "Service Thread" daemon [_thread_blocked, id=40648, stack(0x000000fcac800000,0x000000fcac900000)]
  0x000002a9e91b3490 JavaThread "Monitor Deflation Thread" daemon [_thread_blocked, id=17064, stack(0x000000fcac900000,0x000000fcaca00000)]
  0x000002a9e91b4090 JavaThread "C2 CompilerThread0" daemon [_thread_blocked, id=15160, stack(0x000000fcaca00000,0x000000fcacb00000)]
  0x000002a9e91b7f50 JavaThread "C1 CompilerThread0" daemon [_thread_blocked, id=35696, stack(0x000000fcacb00000,0x000000fcacc00000)]
  0x000002a9e91b8860 JavaThread "Sweeper thread" daemon [_thread_blocked, id=42492, stack(0x000000fcacc00000,0x000000fcacd00000)]
  0x000002a9e9182730 JavaThread "Common-Cleaner" daemon [_thread_blocked, id=42488, stack(0x000000fcacd00000,0x000000fcace00000)]
  0x000002a9e9468840 JavaThread "Notification Thread" daemon [_thread_blocked, id=40456, stack(0x000000fcace00000,0x000000fcacf00000)]
  0x000002a984384630 JavaThread "Daemon health stats" [_thread_blocked, id=11192, stack(0x000000fcad600000,0x000000fcad700000)]
  0x000002a98463c7e0 JavaThread "Incoming local TCP Connector on port 58401" [_thread_in_native, id=40616, stack(0x000000fcad700000,0x000000fcad800000)]
  0x000002a984573750 JavaThread "Daemon periodic checks" [_thread_blocked, id=43836, stack(0x000000fcad800000,0x000000fcad900000)]
  0x000002a984b1f580 JavaThread "Cache worker for journal cache (C:\Users\AMDDESK\.gradle\caches\journal-1)" [_thread_blocked, id=42728, stack(0x000000fcae000000,0x000000fcae100000)]
  0x000002a984b209c0 JavaThread "File lock request listener" [_thread_in_native, id=19672, stack(0x000000fcae100000,0x000000fcae200000)]
  0x000002a984b20ed0 JavaThread "Cache worker for file hash cache (C:\Users\AMDDESK\.gradle\caches\8.4\fileHashes)" [_thread_blocked, id=29956, stack(0x000000fcae200000,0x000000fcae300000)]
  0x000002a984b218f0 JavaThread "File watcher server" daemon [_thread_in_native, id=39260, stack(0x000000fcae400000,0x000000fcae500000)]
  0x000002a984b21e00 JavaThread "File watcher consumer" daemon [_thread_blocked, id=43824, stack(0x000000fcae500000,0x000000fcae600000)]
  0x000002a984f8cdf0 JavaThread "Cache worker for file content cache (C:\Users\AMDDESK\.gradle\caches\8.4\fileContent)" [_thread_blocked, id=43740, stack(0x000000fcaef00000,0x000000fcaf000000)]
  0x000002a984f8c8e0 JavaThread "Cache worker for execution history cache (C:\Users\AMDDESK\.gradle\caches\8.4\executionHistory)" [_thread_blocked, id=30136, stack(0x000000fcaf100000,0x000000fcaf200000)]
  0x000002a984f8b9b0 JavaThread "jar transforms" [_thread_blocked, id=41812, stack(0x000000fcaf200000,0x000000fcaf300000)]
  0x000002a984f8aa80 JavaThread "jar transforms Thread 2" [_thread_blocked, id=13772, stack(0x000000fcaf300000,0x000000fcaf400000)]
  0x000002a984f8a570 JavaThread "jar transforms Thread 3" [_thread_blocked, id=39020, stack(0x000000fcaf400000,0x000000fcaf500000)]
  0x000002a984f8d300 JavaThread "jar transforms Thread 4" [_thread_blocked, id=44168, stack(0x000000fcaf500000,0x000000fcaf600000)]
  0x000002a984ef3160 JavaThread "jar transforms Thread 5" [_thread_blocked, id=30428, stack(0x000000fcaf700000,0x000000fcaf800000)]
  0x000002a984ef4ab0 JavaThread "Memory manager" [_thread_blocked, id=41220, stack(0x000000fcaf900000,0x000000fcafa00000)]
  0x000002a984ef3670 JavaThread "jar transforms Thread 6" [_thread_blocked, id=42232, stack(0x000000fcafa00000,0x000000fcafb00000)]
  0x000002a9840105e0 JavaThread "Cache worker for Java compile cache (C:\Users\AMDDESK\.gradle\caches\8.4\javaCompile)" [_thread_blocked, id=5212, stack(0x000000fcb1e00000,0x000000fcb1f00000)]
  0x000002a984f8bec0 JavaThread "Daemon Thread 3" [_thread_blocked, id=39056, stack(0x000000fcaba00000,0x000000fcabb00000)]
  0x000002a984f8d810 JavaThread "Daemon worker Thread 3" [_thread_blocked, id=28116, stack(0x000000fcad000000,0x000000fcad100000)]
  0x000002a984eeef90 JavaThread "Exec process Thread 10" [_thread_blocked, id=25368, stack(0x000000fcb2c00000,0x000000fcb2d00000)]
  0x000002a984eef9b0 JavaThread "Exec process Thread 11" [_thread_blocked, id=30852, stack(0x000000fcb2e00000,0x000000fcb2f00000)]
  0x000002a984eefec0 JavaThread "Exec process Thread 12" [_thread_blocked, id=42016, stack(0x000000fcb2f00000,0x000000fcb3000000)]
  0x000002a984ef03d0 JavaThread "Exec process Thread 13" [_thread_blocked, id=44924, stack(0x000000fcb3000000,0x000000fcb3100000)]
  0x000002a986d31680 JavaThread "jar transforms Thread 7" [_thread_blocked, id=9032, stack(0x000000fcaed00000,0x000000fcaee00000)]
  0x000002a986d32fd0 JavaThread "jar transforms Thread 8" [_thread_blocked, id=1368, stack(0x000000fcaee00000,0x000000fcaef00000)]
  0x000002a986d371a0 JavaThread "jar transforms Thread 9" [_thread_blocked, id=29468, stack(0x000000fcaf800000,0x000000fcaf900000)]
  0x000002a986d32ac0 JavaThread "jar transforms Thread 10" [_thread_blocked, id=37312, stack(0x000000fcafc00000,0x000000fcafd00000)]
  0x000002a986d376b0 JavaThread "included builds" [_thread_blocked, id=35308, stack(0x000000fcaff00000,0x000000fcb0000000)]
  0x000002a984015bf0 JavaThread "included builds" [_thread_blocked, id=9568, stack(0x000000fcafe00000,0x000000fcaff00000)]
  0x000002a984eef4a0 JavaThread "Handler for socket connection from /127.0.0.1:58401 to /127.0.0.1:59703" [_thread_in_native, id=38568, stack(0x000000fcabb00000,0x000000fcabc00000)]
  0x000002a984eee060 JavaThread "Cancel handler" [_thread_blocked, id=34924, stack(0x000000fcabc00000,0x000000fcabd00000)]
  0x000002a984ef4090 JavaThread "Asynchronous log dispatcher for DefaultDaemonConnection: socket connection from /127.0.0.1:58401 to /127.0.0.1:59703" [_thread_blocked, id=36488, stack(0x000000fcad900000,0x000000fcada00000)]
  0x000002a984ef4fc0 JavaThread "Stdin handler" [_thread_blocked, id=43564, stack(0x000000fcada00000,0x000000fcadb00000)]
  0x000002a984ef2230 JavaThread "Daemon client event forwarder" [_thread_blocked, id=14280, stack(0x000000fcadb00000,0x000000fcadc00000)]
  0x000002a984a1f7b0 JavaThread "C2 CompilerThread1" daemon [_thread_blocked, id=44900, stack(0x000000fcaf000000,0x000000fcaf100000)]
  0x000002a984ef1d20 JavaThread "included builds" [_thread_blocked, id=38496, stack(0x000000fcaf600000,0x000000fcaf700000)]
  0x000002a986d30240 JavaThread "Unconstrained build operations Thread 12" [_thread_blocked, id=28080, stack(0x000000fcb1500000,0x000000fcb1600000)]
  0x000002a986d339f0 JavaThread "Unconstrained build operations Thread 13" [_thread_blocked, id=35588, stack(0x000000fcb1600000,0x000000fcb1700000)]
  0x000002a986d34410 JavaThread "Unconstrained build operations Thread 14" [_thread_blocked, id=44904, stack(0x000000fcb1700000,0x000000fcb1800000)]
  0x000002a986d2fd30 JavaThread "Unconstrained build operations Thread 15" [_thread_blocked, id=30508, stack(0x000000fcb1800000,0x000000fcb1900000)]
  0x000002a986d31170 JavaThread "Unconstrained build operations Thread 16" [_thread_blocked, id=40552, stack(0x000000fcb1900000,0x000000fcb1a00000)]
  0x000002a986d325b0 JavaThread "Unconstrained build operations Thread 17" [_thread_blocked, id=456, stack(0x000000fcb1a00000,0x000000fcb1b00000)]
  0x000002a986d35340 JavaThread "Unconstrained build operations Thread 18" [_thread_blocked, id=15024, stack(0x000000fcb1b00000,0x000000fcb1c00000)]
  0x000002a986d34920 JavaThread "Unconstrained build operations Thread 19" [_thread_blocked, id=39908, stack(0x000000fcb1c00000,0x000000fcb1d00000)]
=>0x000002a9e99cfd80 JavaThread "C2 CompilerThread2" daemon [_thread_in_native, id=34092, stack(0x000000fcb1d00000,0x000000fcb1e00000)]

Other Threads:
  0x000002a9e9191f00 VMThread "VM Thread" [stack: 0x000000fcac300000,0x000000fcac400000] [id=41104]
  0x000002a9ce468290 WatcherThread [stack: 0x000000fcacf00000,0x000000fcad000000] [id=21140]
  0x000002a9ce495400 GCTaskThread "GC Thread#0" [stack: 0x000000fcabe00000,0x000000fcabf00000] [id=39864]
  0x000002a9e98c9ea0 GCTaskThread "GC Thread#1" [stack: 0x000000fcad100000,0x000000fcad200000] [id=44916]
  0x000002a9e98ca160 GCTaskThread "GC Thread#2" [stack: 0x000000fcad200000,0x000000fcad300000] [id=42908]
  0x000002a9e98ca420 GCTaskThread "GC Thread#3" [stack: 0x000000fcad300000,0x000000fcad400000] [id=30620]
  0x000002a9e99b7410 GCTaskThread "GC Thread#4" [stack: 0x000000fcad400000,0x000000fcad500000] [id=23440]
  0x000002a9e99b76d0 GCTaskThread "GC Thread#5" [stack: 0x000000fcad500000,0x000000fcad600000] [id=36868]
  0x000002a9856a2280 GCTaskThread "GC Thread#6" [stack: 0x000000fcae600000,0x000000fcae700000] [id=39492]
  0x000002a984fc39e0 GCTaskThread "GC Thread#7" [stack: 0x000000fcae700000,0x000000fcae800000] [id=30668]
  0x000002a9860ceab0 GCTaskThread "GC Thread#8" [stack: 0x000000fcae800000,0x000000fcae900000] [id=14640]
  0x000002a984deb0d0 GCTaskThread "GC Thread#9" [stack: 0x000000fcae900000,0x000000fcaea00000] [id=40444]
  0x000002a9ce49ba80 ConcurrentGCThread "G1 Main Marker" [stack: 0x000000fcabf00000,0x000000fcac000000] [id=39960]
  0x000002a9ce49cb40 ConcurrentGCThread "G1 Conc#0" [stack: 0x000000fcac000000,0x000000fcac100000] [id=36824]
  0x000002a984f34440 ConcurrentGCThread "G1 Conc#1" [stack: 0x000000fcaea00000,0x000000fcaeb00000] [id=31092]
  0x000002a984417c80 ConcurrentGCThread "G1 Conc#2" [stack: 0x000000fcaeb00000,0x000000fcaec00000] [id=40408]
  0x000002a9ce53ebf0 ConcurrentGCThread "G1 Refine#0" [stack: 0x000000fcac100000,0x000000fcac200000] [id=39768]
  0x000002a988498960 ConcurrentGCThread "G1 Refine#1" [stack: 0x000000fcb2600000,0x000000fcb2700000] [id=5804]
  0x000002a988499810 ConcurrentGCThread "G1 Refine#2" [stack: 0x000000fcb2700000,0x000000fcb2800000] [id=34700]
  0x000002a988498c50 ConcurrentGCThread "G1 Refine#3" [stack: 0x000000fcb2800000,0x000000fcb2900000] [id=34532]
  0x000002a98627fa80 ConcurrentGCThread "G1 Refine#4" [stack: 0x000000fcb2900000,0x000000fcb2a00000] [id=26528]
  0x000002a98627ebd0 ConcurrentGCThread "G1 Refine#5" [stack: 0x000000fcb2a00000,0x000000fcb2b00000] [id=44008]
  0x000002a9e9052b20 ConcurrentGCThread "G1 Service" [stack: 0x000000fcac200000,0x000000fcac300000] [id=21392]

Threads with active compile tasks:
C2 CompilerThread2  1133847 18259   !   4       org.gradle.internal.serialize.ExceptionReplacingObjectOutputStream$1::transform (15 bytes)

VM state: not at safepoint (normal execution)

VM Mutex/Monitor currently owned by a thread: None

OutOfMemory and StackOverflow Exception counts:
OutOfMemoryError java_heap_errors=1
LinkageErrors=165

Heap address: 0x00000000e0000000, size: 512 MB, Compressed Oops mode: 32-bit

CDS archive(s) mapped at: [0x000002a9ea000000-0x000002a9eabd0000-0x000002a9eabd0000), size 12386304, SharedBaseAddress: 0x000002a9ea000000, ArchiveRelocationMode: 1.
Compressed class space mapped at: 0x000002a9eb000000-0x000002a9ff000000, reserved size: 335544320
Narrow klass base: 0x000002a9ea000000, Narrow klass shift: 0, Narrow klass range: 0x100000000

GC Precious Log:
 CPUs: 12 total, 12 available
 Memory: 16314M
 Large Page Support: Disabled
 NUMA Support: Disabled
 Compressed Oops: Enabled (32-bit)
 Heap Region Size: 1M
 Heap Min Capacity: 256M
 Heap Initial Capacity: 256M
 Heap Max Capacity: 512M
 Pre-touch: Disabled
 Parallel Workers: 10
 Concurrent Workers: 3
 Concurrent Refinement Workers: 10
 Periodic GC: Disabled

Heap:
 garbage-first heap   total 262144K, used 143797K [0x00000000e0000000, 0x0000000100000000)
  region size 1024K, 75 young (76800K), 12 survivors (12288K)
 Metaspace       used 76081K, committed 77568K, reserved 458752K
  class space    used 10245K, committed 10944K, reserved 327680K

Heap Regions: E=young(eden), S=young(survivor), O=old, HS=humongous(starts), HC=humongous(continues), CS=collection set, F=free, OA=open archive, CA=closed archive, TAMS=top-at-mark-start (previous, next)
|   0|0x00000000e0000000, 0x00000000e0100000, 0x00000000e0100000|100%|HS|  |TAMS 0x00000000e0100000, 0x00000000e0000000| Complete 
|   1|0x00000000e0100000, 0x00000000e0200000, 0x00000000e0200000|100%|HC|  |TAMS 0x00000000e0200000, 0x00000000e0100000| Complete 
|   2|0x00000000e0200000, 0x00000000e0300000, 0x00000000e0300000|100%|HC|  |TAMS 0x00000000e0300000, 0x00000000e0200000| Complete 
|   3|0x00000000e0300000, 0x00000000e0400000, 0x00000000e0400000|100%|HC|  |TAMS 0x00000000e0400000, 0x00000000e0300000| Complete 
|   4|0x00000000e0400000, 0x00000000e0500000, 0x00000000e0500000|100%| O|  |TAMS 0x00000000e0500000, 0x00000000e0400000| Untracked 
|   5|0x00000000e0500000, 0x00000000e0600000, 0x00000000e0600000|100%| O|  |TAMS 0x00000000e0600000, 0x00000000e0500000| Untracked 
|   6|0x00000000e0600000, 0x00000000e0700000, 0x00000000e0700000|100%| O|  |TAMS 0x00000000e0700000, 0x00000000e0600000| Untracked 
|   7|0x00000000e0700000, 0x00000000e0800000, 0x00000000e0800000|100%| O|  |TAMS 0x00000000e0800000, 0x00000000e0700000| Untracked 
|   8|0x00000000e0800000, 0x00000000e0900000, 0x00000000e0900000|100%| O|  |TAMS 0x00000000e0900000, 0x00000000e0800000| Untracked 
|   9|0x00000000e0900000, 0x00000000e0a00000, 0x00000000e0a00000|100%| O|  |TAMS 0x00000000e0a00000, 0x00000000e0900000| Untracked 
|  10|0x00000000e0a00000, 0x00000000e0b00000, 0x00000000e0b00000|100%| O|  |TAMS 0x00000000e0b00000, 0x00000000e0a00000| Untracked 
|  11|0x00000000e0b00000, 0x00000000e0c00000, 0x00000000e0c00000|100%| O|  |TAMS 0x00000000e0c00000, 0x00000000e0b00000| Untracked 
|  12|0x00000000e0c00000, 0x00000000e0d00000, 0x00000000e0d00000|100%| O|  |TAMS 0x00000000e0d00000, 0x00000000e0c00000| Untracked 
|  13|0x00000000e0d00000, 0x00000000e0e00000, 0x00000000e0e00000|100%| O|  |TAMS 0x00000000e0e00000, 0x00000000e0d00000| Untracked 
|  14|0x00000000e0e00000, 0x00000000e0f00000, 0x00000000e0f00000|100%| O|  |TAMS 0x00000000e0f00000, 0x00000000e0e00000| Untracked 
|  15|0x00000000e0f00000, 0x00000000e1000000, 0x00000000e1000000|100%| O|  |TAMS 0x00000000e1000000, 0x00000000e0f00000| Untracked 
|  16|0x00000000e1000000, 0x00000000e1100000, 0x00000000e1100000|100%| O|  |TAMS 0x00000000e1100000, 0x00000000e1000000| Untracked 
|  17|0x00000000e1100000, 0x00000000e1200000, 0x00000000e1200000|100%| O|  |TAMS 0x00000000e1200000, 0x00000000e1100000| Untracked 
|  18|0x00000000e1200000, 0x00000000e1300000, 0x00000000e1300000|100%| O|  |TAMS 0x00000000e124ca00, 0x00000000e1200000| Untracked 
|  19|0x00000000e1300000, 0x00000000e1400000, 0x00000000e1400000|100%| O|  |TAMS 0x00000000e1400000, 0x00000000e1300000| Untracked 
|  20|0x00000000e1400000, 0x00000000e1500000, 0x00000000e1500000|100%| O|  |TAMS 0x00000000e1500000, 0x00000000e1400000| Untracked 
|  21|0x00000000e1500000, 0x00000000e1600000, 0x00000000e1600000|100%| O|  |TAMS 0x00000000e1600000, 0x00000000e1500000| Untracked 
|  22|0x00000000e1600000, 0x00000000e1700000, 0x00000000e1700000|100%| O|  |TAMS 0x00000000e1700000, 0x00000000e1600000| Untracked 
|  23|0x00000000e1700000, 0x00000000e1800000, 0x00000000e1800000|100%| O|  |TAMS 0x00000000e1800000, 0x00000000e1700000| Untracked 
|  24|0x00000000e1800000, 0x00000000e1900000, 0x00000000e1900000|100%| O|  |TAMS 0x00000000e1900000, 0x00000000e1800000| Untracked 
|  25|0x00000000e1900000, 0x00000000e1a00000, 0x00000000e1a00000|100%| O|  |TAMS 0x00000000e1a00000, 0x00000000e1900000| Untracked 
|  26|0x00000000e1a00000, 0x00000000e1b00000, 0x00000000e1b00000|100%| O|  |TAMS 0x00000000e1b00000, 0x00000000e1a00000| Untracked 
|  27|0x00000000e1b00000, 0x00000000e1c00000, 0x00000000e1c00000|100%| O|  |TAMS 0x00000000e1c00000, 0x00000000e1b00000| Untracked 
|  28|0x00000000e1c00000, 0x00000000e1d00000, 0x00000000e1d00000|100%| O|  |TAMS 0x00000000e1d00000, 0x00000000e1c00000| Untracked 
|  29|0x00000000e1d00000, 0x00000000e1e00000, 0x00000000e1e00000|100%| O|  |TAMS 0x00000000e1e00000, 0x00000000e1d00000| Untracked 
|  30|0x00000000e1e00000, 0x00000000e1f00000, 0x00000000e1f00000|100%| O|  |TAMS 0x00000000e1f00000, 0x00000000e1e00000| Untracked 
|  31|0x00000000e1f00000, 0x00000000e2000000, 0x00000000e2000000|100%| O|  |TAMS 0x00000000e2000000, 0x00000000e1f00000| Untracked 
|  32|0x00000000e2000000, 0x00000000e2100000, 0x00000000e2100000|100%| O|  |TAMS 0x00000000e2100000, 0x00000000e2000000| Untracked 
|  33|0x00000000e2100000, 0x00000000e2200000, 0x00000000e2200000|100%| O|  |TAMS 0x00000000e2200000, 0x00000000e2100000| Untracked 
|  34|0x00000000e2200000, 0x00000000e2300000, 0x00000000e2300000|100%| O|  |TAMS 0x00000000e2300000, 0x00000000e2200000| Untracked 
|  35|0x00000000e2300000, 0x00000000e2400000, 0x00000000e2400000|100%| O|  |TAMS 0x00000000e2400000, 0x00000000e2300000| Untracked 
|  36|0x00000000e2400000, 0x00000000e2500000, 0x00000000e2500000|100%| O|  |TAMS 0x00000000e2500000, 0x00000000e2400000| Untracked 
|  37|0x00000000e2500000, 0x00000000e2600000, 0x00000000e2600000|100%| O|  |TAMS 0x00000000e2600000, 0x00000000e2500000| Untracked 
|  38|0x00000000e2600000, 0x00000000e2700000, 0x00000000e2700000|100%| O|  |TAMS 0x00000000e2700000, 0x00000000e2600000| Untracked 
|  39|0x00000000e2700000, 0x00000000e2800000, 0x00000000e2800000|100%| O|  |TAMS 0x00000000e2800000, 0x00000000e2700000| Untracked 
|  40|0x00000000e2800000, 0x00000000e2900000, 0x00000000e2900000|100%| O|  |TAMS 0x00000000e2900000, 0x00000000e2800000| Untracked 
|  41|0x00000000e2900000, 0x00000000e2a00000, 0x00000000e2a00000|100%| O|  |TAMS 0x00000000e2900000, 0x00000000e2900000| Untracked 
|  42|0x00000000e2a00000, 0x00000000e2b00000, 0x00000000e2b00000|100%| O|  |TAMS 0x00000000e2a00000, 0x00000000e2a00000| Untracked 
|  43|0x00000000e2b00000, 0x00000000e2c00000, 0x00000000e2c00000|100%| O|  |TAMS 0x00000000e2b00000, 0x00000000e2b00000| Untracked 
|  44|0x00000000e2c00000, 0x00000000e2d00000, 0x00000000e2d00000|100%| O|  |TAMS 0x00000000e2c00000, 0x00000000e2c00000| Untracked 
|  45|0x00000000e2d00000, 0x00000000e2e00000, 0x00000000e2e00000|100%| O|  |TAMS 0x00000000e2d00000, 0x00000000e2d00000| Untracked 
|  46|0x00000000e2e00000, 0x00000000e2f00000, 0x00000000e2f00000|100%| O|  |TAMS 0x00000000e2e00000, 0x00000000e2e00000| Untracked 
|  47|0x00000000e2f00000, 0x00000000e3000000, 0x00000000e3000000|100%| O|  |TAMS 0x00000000e2f00000, 0x00000000e2f00000| Untracked 
|  48|0x00000000e3000000, 0x00000000e3100000, 0x00000000e3100000|100%| O|  |TAMS 0x00000000e3000000, 0x00000000e3000000| Untracked 
|  49|0x00000000e3100000, 0x00000000e3200000, 0x00000000e3200000|100%| O|  |TAMS 0x00000000e3100000, 0x00000000e3100000| Untracked 
|  50|0x00000000e3200000, 0x00000000e3300000, 0x00000000e3300000|100%| O|  |TAMS 0x00000000e3200000, 0x00000000e3200000| Untracked 
|  51|0x00000000e3300000, 0x00000000e3400000, 0x00000000e3400000|100%| O|  |TAMS 0x00000000e3300000, 0x00000000e3300000| Untracked 
|  52|0x00000000e3400000, 0x00000000e3500000, 0x00000000e3500000|100%| O|  |TAMS 0x00000000e3400000, 0x00000000e3400000| Untracked 
|  53|0x00000000e3500000, 0x00000000e3600000, 0x00000000e3600000|100%| O|  |TAMS 0x00000000e3500000, 0x00000000e3500000| Untracked 
|  54|0x00000000e3600000, 0x00000000e3700000, 0x00000000e3700000|100%| O|  |TAMS 0x00000000e3600000, 0x00000000e3600000| Untracked 
|  55|0x00000000e3700000, 0x00000000e3800000, 0x00000000e3800000|100%| O|  |TAMS 0x00000000e3700000, 0x00000000e3700000| Untracked 
|  56|0x00000000e3800000, 0x00000000e3900000, 0x00000000e3900000|100%| O|  |TAMS 0x00000000e3800000, 0x00000000e3800000| Untracked 
|  57|0x00000000e3900000, 0x00000000e3a00000, 0x00000000e3a00000|100%| O|  |TAMS 0x00000000e3900000, 0x00000000e3900000| Untracked 
|  58|0x00000000e3a00000, 0x00000000e3b00000, 0x00000000e3b00000|100%| O|  |TAMS 0x00000000e3a00000, 0x00000000e3a00000| Untracked 
|  59|0x00000000e3b00000, 0x00000000e3c00000, 0x00000000e3c00000|100%| O|  |TAMS 0x00000000e3b00000, 0x00000000e3b00000| Untracked 
|  60|0x00000000e3c00000, 0x00000000e3d00000, 0x00000000e3d00000|100%| O|  |TAMS 0x00000000e3c00000, 0x00000000e3c00000| Untracked 
|  61|0x00000000e3d00000, 0x00000000e3e00000, 0x00000000e3e00000|100%| O|  |TAMS 0x00000000e3d00000, 0x00000000e3d00000| Untracked 
|  62|0x00000000e3e00000, 0x00000000e3f00000, 0x00000000e3f00000|100%| O|  |TAMS 0x00000000e3e00000, 0x00000000e3e00000| Untracked 
|  63|0x00000000e3f00000, 0x00000000e4000000, 0x00000000e4000000|100%| O|  |TAMS 0x00000000e3f00000, 0x00000000e3f00000| Untracked 
|  64|0x00000000e4000000, 0x00000000e4100000, 0x00000000e4100000|100%| O|  |TAMS 0x00000000e4000000, 0x00000000e4000000| Untracked 
|  65|0x00000000e4100000, 0x00000000e4200000, 0x00000000e4200000|100%| O|  |TAMS 0x00000000e4100000, 0x00000000e4100000| Untracked 
|  66|0x00000000e4200000, 0x00000000e4300000, 0x00000000e4300000|100%| O|  |TAMS 0x00000000e4200000, 0x00000000e4200000| Untracked 
|  67|0x00000000e4300000, 0x00000000e4400000, 0x00000000e4400000|100%| O|  |TAMS 0x00000000e4300000, 0x00000000e4300000| Untracked 
|  68|0x00000000e4400000, 0x00000000e442c000, 0x00000000e4500000| 17%| O|  |TAMS 0x00000000e4400000, 0x00000000e4400000| Untracked 
|  69|0x00000000e4500000, 0x00000000e4500000, 0x00000000e4600000|  0%| F|  |TAMS 0x00000000e4500000, 0x00000000e4500000| Untracked 
|  70|0x00000000e4600000, 0x00000000e4600000, 0x00000000e4700000|  0%| F|  |TAMS 0x00000000e4600000, 0x00000000e4600000| Untracked 
|  71|0x00000000e4700000, 0x00000000e4700000, 0x00000000e4800000|  0%| F|  |TAMS 0x00000000e4700000, 0x00000000e4700000| Untracked 
|  72|0x00000000e4800000, 0x00000000e4800000, 0x00000000e4900000|  0%| F|  |TAMS 0x00000000e4800000, 0x00000000e4800000| Untracked 
|  73|0x00000000e4900000, 0x00000000e4900000, 0x00000000e4a00000|  0%| F|  |TAMS 0x00000000e4900000, 0x00000000e4900000| Untracked 
|  74|0x00000000e4a00000, 0x00000000e4a00000, 0x00000000e4b00000|  0%| F|  |TAMS 0x00000000e4a00000, 0x00000000e4a00000| Untracked 
|  75|0x00000000e4b00000, 0x00000000e4b00000, 0x00000000e4c00000|  0%| F|  |TAMS 0x00000000e4b00000, 0x00000000e4b00000| Untracked 
|  76|0x00000000e4c00000, 0x00000000e4c00000, 0x00000000e4d00000|  0%| F|  |TAMS 0x00000000e4c00000, 0x00000000e4c00000| Untracked 
|  77|0x00000000e4d00000, 0x00000000e4d00000, 0x00000000e4e00000|  0%| F|  |TAMS 0x00000000e4d00000, 0x00000000e4d00000| Untracked 
|  78|0x00000000e4e00000, 0x00000000e4e00000, 0x00000000e4f00000|  0%| F|  |TAMS 0x00000000e4e00000, 0x00000000e4e00000| Untracked 
|  79|0x00000000e4f00000, 0x00000000e4f00000, 0x00000000e5000000|  0%| F|  |TAMS 0x00000000e4f00000, 0x00000000e4f00000| Untracked 
|  80|0x00000000e5000000, 0x00000000e5000000, 0x00000000e5100000|  0%| F|  |TAMS 0x00000000e5000000, 0x00000000e5000000| Untracked 
|  81|0x00000000e5100000, 0x00000000e5100000, 0x00000000e5200000|  0%| F|  |TAMS 0x00000000e5100000, 0x00000000e5100000| Untracked 
|  82|0x00000000e5200000, 0x00000000e5200000, 0x00000000e5300000|  0%| F|  |TAMS 0x00000000e5200000, 0x00000000e5200000| Untracked 
|  83|0x00000000e5300000, 0x00000000e5300000, 0x00000000e5400000|  0%| F|  |TAMS 0x00000000e5300000, 0x00000000e5300000| Untracked 
|  84|0x00000000e5400000, 0x00000000e5400000, 0x00000000e5500000|  0%| F|  |TAMS 0x00000000e5400000, 0x00000000e5400000| Untracked 
|  85|0x00000000e5500000, 0x00000000e5500000, 0x00000000e5600000|  0%| F|  |TAMS 0x00000000e5500000, 0x00000000e5500000| Untracked 
|  86|0x00000000e5600000, 0x00000000e5600000, 0x00000000e5700000|  0%| F|  |TAMS 0x00000000e5600000, 0x00000000e5600000| Untracked 
|  87|0x00000000e5700000, 0x00000000e5700000, 0x00000000e5800000|  0%| F|  |TAMS 0x00000000e5700000, 0x00000000e5700000| Untracked 
|  88|0x00000000e5800000, 0x00000000e5800000, 0x00000000e5900000|  0%| F|  |TAMS 0x00000000e5800000, 0x00000000e5800000| Untracked 
|  89|0x00000000e5900000, 0x00000000e5900000, 0x00000000e5a00000|  0%| F|  |TAMS 0x00000000e5900000, 0x00000000e5900000| Untracked 
|  90|0x00000000e5a00000, 0x00000000e5a00000, 0x00000000e5b00000|  0%| F|  |TAMS 0x00000000e5a00000, 0x00000000e5a00000| Untracked 
|  91|0x00000000e5b00000, 0x00000000e5b00000, 0x00000000e5c00000|  0%| F|  |TAMS 0x00000000e5b00000, 0x00000000e5b00000| Untracked 
|  92|0x00000000e5c00000, 0x00000000e5c00000, 0x00000000e5d00000|  0%| F|  |TAMS 0x00000000e5c00000, 0x00000000e5c00000| Untracked 
|  93|0x00000000e5d00000, 0x00000000e5d00000, 0x00000000e5e00000|  0%| F|  |TAMS 0x00000000e5d00000, 0x00000000e5d00000| Untracked 
|  94|0x00000000e5e00000, 0x00000000e5e00000, 0x00000000e5f00000|  0%| F|  |TAMS 0x00000000e5e00000, 0x00000000e5e00000| Untracked 
|  95|0x00000000e5f00000, 0x00000000e5f00000, 0x00000000e6000000|  0%| F|  |TAMS 0x00000000e5f00000, 0x00000000e5f00000| Untracked 
|  96|0x00000000e6000000, 0x00000000e6000000, 0x00000000e6100000|  0%| F|  |TAMS 0x00000000e6000000, 0x00000000e6000000| Untracked 
|  97|0x00000000e6100000, 0x00000000e6100000, 0x00000000e6200000|  0%| F|  |TAMS 0x00000000e6100000, 0x00000000e6100000| Untracked 
|  98|0x00000000e6200000, 0x00000000e6200000, 0x00000000e6300000|  0%| F|  |TAMS 0x00000000e6200000, 0x00000000e6200000| Untracked 
|  99|0x00000000e6300000, 0x00000000e6300000, 0x00000000e6400000|  0%| F|  |TAMS 0x00000000e6300000, 0x00000000e6300000| Untracked 
| 100|0x00000000e6400000, 0x00000000e6400000, 0x00000000e6500000|  0%| F|  |TAMS 0x00000000e6400000, 0x00000000e6400000| Untracked 
| 101|0x00000000e6500000, 0x00000000e6500000, 0x00000000e6600000|  0%| F|  |TAMS 0x00000000e6500000, 0x00000000e6500000| Untracked 
| 102|0x00000000e6600000, 0x00000000e6600000, 0x00000000e6700000|  0%| F|  |TAMS 0x00000000e6600000, 0x00000000e6600000| Untracked 
| 103|0x00000000e6700000, 0x00000000e6700000, 0x00000000e6800000|  0%| F|  |TAMS 0x00000000e6700000, 0x00000000e6700000| Untracked 
| 104|0x00000000e6800000, 0x00000000e6800000, 0x00000000e6900000|  0%| F|  |TAMS 0x00000000e6800000, 0x00000000e6800000| Untracked 
| 105|0x00000000e6900000, 0x00000000e6900000, 0x00000000e6a00000|  0%| F|  |TAMS 0x00000000e6900000, 0x00000000e6900000| Untracked 
| 106|0x00000000e6a00000, 0x00000000e6a00000, 0x00000000e6b00000|  0%| F|  |TAMS 0x00000000e6a00000, 0x00000000e6a00000| Untracked 
| 107|0x00000000e6b00000, 0x00000000e6b00000, 0x00000000e6c00000|  0%| F|  |TAMS 0x00000000e6b00000, 0x00000000e6b00000| Untracked 
| 108|0x00000000e6c00000, 0x00000000e6c41500, 0x00000000e6d00000| 25%| S|CS|TAMS 0x00000000e6c00000, 0x00000000e6c00000| Complete 
| 109|0x00000000e6d00000, 0x00000000e6e00000, 0x00000000e6e00000|100%| S|CS|TAMS 0x00000000e6d00000, 0x00000000e6d00000| Complete 
| 110|0x00000000e6e00000, 0x00000000e6f00000, 0x00000000e6f00000|100%| S|CS|TAMS 0x00000000e6e00000, 0x00000000e6e00000| Complete 
| 111|0x00000000e6f00000, 0x00000000e7000000, 0x00000000e7000000|100%| S|CS|TAMS 0x00000000e6f00000, 0x00000000e6f00000| Complete 
| 112|0x00000000e7000000, 0x00000000e7100000, 0x00000000e7100000|100%| S|CS|TAMS 0x00000000e7000000, 0x00000000e7000000| Complete 
| 113|0x00000000e7100000, 0x00000000e7200000, 0x00000000e7200000|100%| S|CS|TAMS 0x00000000e7100000, 0x00000000e7100000| Complete 
| 114|0x00000000e7200000, 0x00000000e7200000, 0x00000000e7300000|  0%| F|  |TAMS 0x00000000e7200000, 0x00000000e7200000| Untracked 
| 115|0x00000000e7300000, 0x00000000e7300000, 0x00000000e7400000|  0%| F|  |TAMS 0x00000000e7300000, 0x00000000e7300000| Untracked 
| 116|0x00000000e7400000, 0x00000000e7400000, 0x00000000e7500000|  0%| F|  |TAMS 0x00000000e7400000, 0x00000000e7400000| Untracked 
| 117|0x00000000e7500000, 0x00000000e7500000, 0x00000000e7600000|  0%| F|  |TAMS 0x00000000e7500000, 0x00000000e7500000| Untracked 
| 118|0x00000000e7600000, 0x00000000e7600000, 0x00000000e7700000|  0%| F|  |TAMS 0x00000000e7600000, 0x00000000e7600000| Untracked 
| 119|0x00000000e7700000, 0x00000000e7700000, 0x00000000e7800000|  0%| F|  |TAMS 0x00000000e7700000, 0x00000000e7700000| Untracked 
| 120|0x00000000e7800000, 0x00000000e7800000, 0x00000000e7900000|  0%| F|  |TAMS 0x00000000e7800000, 0x00000000e7800000| Untracked 
| 121|0x00000000e7900000, 0x00000000e7900000, 0x00000000e7a00000|  0%| F|  |TAMS 0x00000000e7900000, 0x00000000e7900000| Untracked 
| 122|0x00000000e7a00000, 0x00000000e7b00000, 0x00000000e7b00000|100%| S|CS|TAMS 0x00000000e7a00000, 0x00000000e7a00000| Complete 
| 123|0x00000000e7b00000, 0x00000000e7c00000, 0x00000000e7c00000|100%| S|CS|TAMS 0x00000000e7b00000, 0x00000000e7b00000| Complete 
| 124|0x00000000e7c00000, 0x00000000e7d00000, 0x00000000e7d00000|100%| S|CS|TAMS 0x00000000e7c00000, 0x00000000e7c00000| Complete 
| 125|0x00000000e7d00000, 0x00000000e7e00000, 0x00000000e7e00000|100%| S|CS|TAMS 0x00000000e7d00000, 0x00000000e7d00000| Complete 
| 126|0x00000000e7e00000, 0x00000000e7f00000, 0x00000000e7f00000|100%| S|CS|TAMS 0x00000000e7e00000, 0x00000000e7e00000| Complete 
| 127|0x00000000e7f00000, 0x00000000e8000000, 0x00000000e8000000|100%| S|CS|TAMS 0x00000000e7f00000, 0x00000000e7f00000| Complete 
| 128|0x00000000e8000000, 0x00000000e8000000, 0x00000000e8100000|  0%| F|  |TAMS 0x00000000e8000000, 0x00000000e8000000| Untracked 
| 129|0x00000000e8100000, 0x00000000e8100000, 0x00000000e8200000|  0%| F|  |TAMS 0x00000000e8100000, 0x00000000e8100000| Untracked 
| 130|0x00000000e8200000, 0x00000000e8200000, 0x00000000e8300000|  0%| F|  |TAMS 0x00000000e8200000, 0x00000000e8200000| Untracked 
| 131|0x00000000e8300000, 0x00000000e8300000, 0x00000000e8400000|  0%| F|  |TAMS 0x00000000e8300000, 0x00000000e8300000| Untracked 
| 132|0x00000000e8400000, 0x00000000e8400000, 0x00000000e8500000|  0%| F|  |TAMS 0x00000000e8400000, 0x00000000e8400000| Untracked 
| 133|0x00000000e8500000, 0x00000000e8500000, 0x00000000e8600000|  0%| F|  |TAMS 0x00000000e8500000, 0x00000000e8500000| Untracked 
| 134|0x00000000e8600000, 0x00000000e8600000, 0x00000000e8700000|  0%| F|  |TAMS 0x00000000e8600000, 0x00000000e8600000| Untracked 
| 135|0x00000000e8700000, 0x00000000e8700000, 0x00000000e8800000|  0%| F|  |TAMS 0x00000000e8700000, 0x00000000e8700000| Untracked 
| 136|0x00000000e8800000, 0x00000000e8800000, 0x00000000e8900000|  0%| F|  |TAMS 0x00000000e8800000, 0x00000000e8800000| Untracked 
| 137|0x00000000e8900000, 0x00000000e8900000, 0x00000000e8a00000|  0%| F|  |TAMS 0x00000000e8900000, 0x00000000e8900000| Untracked 
| 138|0x00000000e8a00000, 0x00000000e8a00000, 0x00000000e8b00000|  0%| F|  |TAMS 0x00000000e8a00000, 0x00000000e8a00000| Untracked 
| 139|0x00000000e8b00000, 0x00000000e8b00000, 0x00000000e8c00000|  0%| F|  |TAMS 0x00000000e8b00000, 0x00000000e8b00000| Untracked 
| 140|0x00000000e8c00000, 0x00000000e8c00000, 0x00000000e8d00000|  0%| F|  |TAMS 0x00000000e8c00000, 0x00000000e8c00000| Untracked 
| 141|0x00000000e8d00000, 0x00000000e8d00000, 0x00000000e8e00000|  0%| F|  |TAMS 0x00000000e8d00000, 0x00000000e8d00000| Untracked 
| 142|0x00000000e8e00000, 0x00000000e8e00000, 0x00000000e8f00000|  0%| F|  |TAMS 0x00000000e8e00000, 0x00000000e8e00000| Untracked 
| 143|0x00000000e8f00000, 0x00000000e8f00000, 0x00000000e9000000|  0%| F|  |TAMS 0x00000000e8f00000, 0x00000000e8f00000| Untracked 
| 144|0x00000000e9000000, 0x00000000e9000000, 0x00000000e9100000|  0%| F|  |TAMS 0x00000000e9000000, 0x00000000e9000000| Untracked 
| 145|0x00000000e9100000, 0x00000000e9100000, 0x00000000e9200000|  0%| F|  |TAMS 0x00000000e9100000, 0x00000000e9100000| Untracked 
| 146|0x00000000e9200000, 0x00000000e9200000, 0x00000000e9300000|  0%| F|  |TAMS 0x00000000e9200000, 0x00000000e9200000| Untracked 
| 147|0x00000000e9300000, 0x00000000e9300000, 0x00000000e9400000|  0%| F|  |TAMS 0x00000000e9300000, 0x00000000e9300000| Untracked 
| 148|0x00000000e9400000, 0x00000000e9400000, 0x00000000e9500000|  0%| F|  |TAMS 0x00000000e9400000, 0x00000000e9400000| Untracked 
| 149|0x00000000e9500000, 0x00000000e9500000, 0x00000000e9600000|  0%| F|  |TAMS 0x00000000e9500000, 0x00000000e9500000| Untracked 
| 150|0x00000000e9600000, 0x00000000e9600000, 0x00000000e9700000|  0%| F|  |TAMS 0x00000000e9600000, 0x00000000e9600000| Untracked 
| 151|0x00000000e9700000, 0x00000000e9700000, 0x00000000e9800000|  0%| F|  |TAMS 0x00000000e9700000, 0x00000000e9700000| Untracked 
| 152|0x00000000e9800000, 0x00000000e9800000, 0x00000000e9900000|  0%| F|  |TAMS 0x00000000e9800000, 0x00000000e9800000| Untracked 
| 153|0x00000000e9900000, 0x00000000e9900000, 0x00000000e9a00000|  0%| F|  |TAMS 0x00000000e9900000, 0x00000000e9900000| Untracked 
| 154|0x00000000e9a00000, 0x00000000e9a00000, 0x00000000e9b00000|  0%| F|  |TAMS 0x00000000e9a00000, 0x00000000e9a00000| Untracked 
| 155|0x00000000e9b00000, 0x00000000e9b00000, 0x00000000e9c00000|  0%| F|  |TAMS 0x00000000e9b00000, 0x00000000e9b00000| Untracked 
| 156|0x00000000e9c00000, 0x00000000e9c00000, 0x00000000e9d00000|  0%| F|  |TAMS 0x00000000e9c00000, 0x00000000e9c00000| Untracked 
| 157|0x00000000e9d00000, 0x00000000e9d00000, 0x00000000e9e00000|  0%| F|  |TAMS 0x00000000e9d00000, 0x00000000e9d00000| Untracked 
| 158|0x00000000e9e00000, 0x00000000e9e00000, 0x00000000e9f00000|  0%| F|  |TAMS 0x00000000e9e00000, 0x00000000e9e00000| Untracked 
| 159|0x00000000e9f00000, 0x00000000e9f00000, 0x00000000ea000000|  0%| F|  |TAMS 0x00000000e9f00000, 0x00000000e9f00000| Untracked 
| 160|0x00000000ea000000, 0x00000000ea000000, 0x00000000ea100000|  0%| F|  |TAMS 0x00000000ea000000, 0x00000000ea000000| Untracked 
| 161|0x00000000ea100000, 0x00000000ea100000, 0x00000000ea200000|  0%| F|  |TAMS 0x00000000ea100000, 0x00000000ea100000| Untracked 
| 162|0x00000000ea200000, 0x00000000ea200000, 0x00000000ea300000|  0%| F|  |TAMS 0x00000000ea200000, 0x00000000ea200000| Untracked 
| 163|0x00000000ea300000, 0x00000000ea300000, 0x00000000ea400000|  0%| F|  |TAMS 0x00000000ea300000, 0x00000000ea300000| Untracked 
| 164|0x00000000ea400000, 0x00000000ea400000, 0x00000000ea500000|  0%| F|  |TAMS 0x00000000ea400000, 0x00000000ea400000| Untracked 
| 165|0x00000000ea500000, 0x00000000ea500000, 0x00000000ea600000|  0%| F|  |TAMS 0x00000000ea500000, 0x00000000ea500000| Untracked 
| 166|0x00000000ea600000, 0x00000000ea600000, 0x00000000ea700000|  0%| F|  |TAMS 0x00000000ea600000, 0x00000000ea600000| Untracked 
| 167|0x00000000ea700000, 0x00000000ea700000, 0x00000000ea800000|  0%| F|  |TAMS 0x00000000ea700000, 0x00000000ea700000| Untracked 
| 168|0x00000000ea800000, 0x00000000ea800000, 0x00000000ea900000|  0%| F|  |TAMS 0x00000000ea800000, 0x00000000ea800000| Untracked 
| 169|0x00000000ea900000, 0x00000000ea900000, 0x00000000eaa00000|  0%| F|  |TAMS 0x00000000ea900000, 0x00000000ea900000| Untracked 
| 170|0x00000000eaa00000, 0x00000000eaa00000, 0x00000000eab00000|  0%| F|  |TAMS 0x00000000eaa00000, 0x00000000eaa00000| Untracked 
| 171|0x00000000eab00000, 0x00000000eab00000, 0x00000000eac00000|  0%| F|  |TAMS 0x00000000eab00000, 0x00000000eab00000| Untracked 
| 172|0x00000000eac00000, 0x00000000eac00000, 0x00000000ead00000|  0%| F|  |TAMS 0x00000000eac00000, 0x00000000eac00000| Untracked 
| 173|0x00000000ead00000, 0x00000000ead00000, 0x00000000eae00000|  0%| F|  |TAMS 0x00000000ead00000, 0x00000000ead00000| Untracked 
| 174|0x00000000eae00000, 0x00000000eae00000, 0x00000000eaf00000|  0%| F|  |TAMS 0x00000000eae00000, 0x00000000eae00000| Untracked 
| 175|0x00000000eaf00000, 0x00000000eaf00000, 0x00000000eb000000|  0%| F|  |TAMS 0x00000000eaf00000, 0x00000000eaf00000| Untracked 
| 176|0x00000000eb000000, 0x00000000eb000000, 0x00000000eb100000|  0%| F|  |TAMS 0x00000000eb000000, 0x00000000eb000000| Untracked 
| 177|0x00000000eb100000, 0x00000000eb100000, 0x00000000eb200000|  0%| F|  |TAMS 0x00000000eb100000, 0x00000000eb100000| Untracked 
| 178|0x00000000eb200000, 0x00000000eb200000, 0x00000000eb300000|  0%| F|  |TAMS 0x00000000eb200000, 0x00000000eb200000| Untracked 
| 179|0x00000000eb300000, 0x00000000eb300000, 0x00000000eb400000|  0%| F|  |TAMS 0x00000000eb300000, 0x00000000eb300000| Untracked 
| 180|0x00000000eb400000, 0x00000000eb400000, 0x00000000eb500000|  0%| F|  |TAMS 0x00000000eb400000, 0x00000000eb400000| Untracked 
| 181|0x00000000eb500000, 0x00000000eb500000, 0x00000000eb600000|  0%| F|  |TAMS 0x00000000eb500000, 0x00000000eb500000| Untracked 
| 182|0x00000000eb600000, 0x00000000eb600000, 0x00000000eb700000|  0%| F|  |TAMS 0x00000000eb600000, 0x00000000eb600000| Untracked 
| 183|0x00000000eb700000, 0x00000000eb700000, 0x00000000eb800000|  0%| F|  |TAMS 0x00000000eb700000, 0x00000000eb700000| Untracked 
| 184|0x00000000eb800000, 0x00000000eb800000, 0x00000000eb900000|  0%| F|  |TAMS 0x00000000eb800000, 0x00000000eb800000| Untracked 
| 185|0x00000000eb900000, 0x00000000eb900000, 0x00000000eba00000|  0%| F|  |TAMS 0x00000000eb900000, 0x00000000eb900000| Untracked 
| 186|0x00000000eba00000, 0x00000000eba00000, 0x00000000ebb00000|  0%| F|  |TAMS 0x00000000eba00000, 0x00000000eba00000| Untracked 
| 187|0x00000000ebb00000, 0x00000000ebb00000, 0x00000000ebc00000|  0%| F|  |TAMS 0x00000000ebb00000, 0x00000000ebb00000| Untracked 
| 188|0x00000000ebc00000, 0x00000000ebc00000, 0x00000000ebd00000|  0%| F|  |TAMS 0x00000000ebc00000, 0x00000000ebc00000| Untracked 
| 189|0x00000000ebd00000, 0x00000000ebd00000, 0x00000000ebe00000|  0%| F|  |TAMS 0x00000000ebd00000, 0x00000000ebd00000| Untracked 
| 190|0x00000000ebe00000, 0x00000000ebe00000, 0x00000000ebf00000|  0%| F|  |TAMS 0x00000000ebe00000, 0x00000000ebe00000| Untracked 
| 191|0x00000000ebf00000, 0x00000000ebf00000, 0x00000000ec000000|  0%| F|  |TAMS 0x00000000ebf00000, 0x00000000ebf00000| Untracked 
| 192|0x00000000ec000000, 0x00000000ec000000, 0x00000000ec100000|  0%| F|  |TAMS 0x00000000ec000000, 0x00000000ec000000| Untracked 
| 193|0x00000000ec100000, 0x00000000ec182b88, 0x00000000ec200000| 51%| E|  |TAMS 0x00000000ec100000, 0x00000000ec100000| Complete 
| 194|0x00000000ec200000, 0x00000000ec300000, 0x00000000ec300000|100%| E|CS|TAMS 0x00000000ec200000, 0x00000000ec200000| Complete 
| 195|0x00000000ec300000, 0x00000000ec400000, 0x00000000ec400000|100%| E|CS|TAMS 0x00000000ec300000, 0x00000000ec300000| Complete 
| 196|0x00000000ec400000, 0x00000000ec500000, 0x00000000ec500000|100%| E|CS|TAMS 0x00000000ec400000, 0x00000000ec400000| Complete 
| 197|0x00000000ec500000, 0x00000000ec600000, 0x00000000ec600000|100%| E|CS|TAMS 0x00000000ec500000, 0x00000000ec500000| Complete 
| 198|0x00000000ec600000, 0x00000000ec700000, 0x00000000ec700000|100%| E|CS|TAMS 0x00000000ec600000, 0x00000000ec600000| Complete 
| 199|0x00000000ec700000, 0x00000000ec800000, 0x00000000ec800000|100%| E|CS|TAMS 0x00000000ec700000, 0x00000000ec700000| Complete 
| 200|0x00000000ec800000, 0x00000000ec900000, 0x00000000ec900000|100%| E|CS|TAMS 0x00000000ec800000, 0x00000000ec800000| Complete 
| 201|0x00000000ec900000, 0x00000000eca00000, 0x00000000eca00000|100%| E|CS|TAMS 0x00000000ec900000, 0x00000000ec900000| Complete 
| 202|0x00000000eca00000, 0x00000000ecb00000, 0x00000000ecb00000|100%| E|CS|TAMS 0x00000000eca00000, 0x00000000eca00000| Complete 
| 203|0x00000000ecb00000, 0x00000000ecc00000, 0x00000000ecc00000|100%| E|CS|TAMS 0x00000000ecb00000, 0x00000000ecb00000| Complete 
| 204|0x00000000ecc00000, 0x00000000ecd00000, 0x00000000ecd00000|100%| E|CS|TAMS 0x00000000ecc00000, 0x00000000ecc00000| Complete 
| 205|0x00000000ecd00000, 0x00000000ece00000, 0x00000000ece00000|100%| E|CS|TAMS 0x00000000ecd00000, 0x00000000ecd00000| Complete 
| 206|0x00000000ece00000, 0x00000000ecf00000, 0x00000000ecf00000|100%| E|CS|TAMS 0x00000000ece00000, 0x00000000ece00000| Complete 
| 207|0x00000000ecf00000, 0x00000000ed000000, 0x00000000ed000000|100%| E|  |TAMS 0x00000000ecf00000, 0x00000000ecf00000| Complete 
| 208|0x00000000ed000000, 0x00000000ed100000, 0x00000000ed100000|100%| E|CS|TAMS 0x00000000ed000000, 0x00000000ed000000| Complete 
| 209|0x00000000ed100000, 0x00000000ed200000, 0x00000000ed200000|100%| E|CS|TAMS 0x00000000ed100000, 0x00000000ed100000| Complete 
| 210|0x00000000ed200000, 0x00000000ed300000, 0x00000000ed300000|100%| E|CS|TAMS 0x00000000ed200000, 0x00000000ed200000| Complete 
| 211|0x00000000ed300000, 0x00000000ed400000, 0x00000000ed400000|100%| E|CS|TAMS 0x00000000ed300000, 0x00000000ed300000| Complete 
| 212|0x00000000ed400000, 0x00000000ed500000, 0x00000000ed500000|100%| E|CS|TAMS 0x00000000ed400000, 0x00000000ed400000| Complete 
| 213|0x00000000ed500000, 0x00000000ed600000, 0x00000000ed600000|100%| E|CS|TAMS 0x00000000ed500000, 0x00000000ed500000| Complete 
| 214|0x00000000ed600000, 0x00000000ed700000, 0x00000000ed700000|100%| E|CS|TAMS 0x00000000ed600000, 0x00000000ed600000| Complete 
| 215|0x00000000ed700000, 0x00000000ed800000, 0x00000000ed800000|100%| E|CS|TAMS 0x00000000ed700000, 0x00000000ed700000| Complete 
| 216|0x00000000ed800000, 0x00000000ed900000, 0x00000000ed900000|100%| E|CS|TAMS 0x00000000ed800000, 0x00000000ed800000| Complete 
| 217|0x00000000ed900000, 0x00000000eda00000, 0x00000000eda00000|100%| E|CS|TAMS 0x00000000ed900000, 0x00000000ed900000| Complete 
| 218|0x00000000eda00000, 0x00000000edb00000, 0x00000000edb00000|100%| E|CS|TAMS 0x00000000eda00000, 0x00000000eda00000| Complete 
| 219|0x00000000edb00000, 0x00000000edc00000, 0x00000000edc00000|100%| E|CS|TAMS 0x00000000edb00000, 0x00000000edb00000| Complete 
| 220|0x00000000edc00000, 0x00000000edd00000, 0x00000000edd00000|100%| E|CS|TAMS 0x00000000edc00000, 0x00000000edc00000| Complete 
| 221|0x00000000edd00000, 0x00000000ede00000, 0x00000000ede00000|100%| E|CS|TAMS 0x00000000edd00000, 0x00000000edd00000| Complete 
| 222|0x00000000ede00000, 0x00000000edf00000, 0x00000000edf00000|100%| E|CS|TAMS 0x00000000ede00000, 0x00000000ede00000| Complete 
| 223|0x00000000edf00000, 0x00000000ee000000, 0x00000000ee000000|100%| E|CS|TAMS 0x00000000edf00000, 0x00000000edf00000| Complete 
| 224|0x00000000ee000000, 0x00000000ee100000, 0x00000000ee100000|100%| E|CS|TAMS 0x00000000ee000000, 0x00000000ee000000| Complete 
| 225|0x00000000ee100000, 0x00000000ee200000, 0x00000000ee200000|100%| E|CS|TAMS 0x00000000ee100000, 0x00000000ee100000| Complete 
| 226|0x00000000ee200000, 0x00000000ee300000, 0x00000000ee300000|100%| E|CS|TAMS 0x00000000ee200000, 0x00000000ee200000| Complete 
| 227|0x00000000ee300000, 0x00000000ee400000, 0x00000000ee400000|100%| E|CS|TAMS 0x00000000ee300000, 0x00000000ee300000| Complete 
| 228|0x00000000ee400000, 0x00000000ee500000, 0x00000000ee500000|100%| E|CS|TAMS 0x00000000ee400000, 0x00000000ee400000| Complete 
| 229|0x00000000ee500000, 0x00000000ee600000, 0x00000000ee600000|100%| E|CS|TAMS 0x00000000ee500000, 0x00000000ee500000| Complete 
| 230|0x00000000ee600000, 0x00000000ee700000, 0x00000000ee700000|100%| E|CS|TAMS 0x00000000ee600000, 0x00000000ee600000| Complete 
| 231|0x00000000ee700000, 0x00000000ee800000, 0x00000000ee800000|100%| E|CS|TAMS 0x00000000ee700000, 0x00000000ee700000| Complete 
| 232|0x00000000ee800000, 0x00000000ee900000, 0x00000000ee900000|100%| E|CS|TAMS 0x00000000ee800000, 0x00000000ee800000| Complete 
| 233|0x00000000ee900000, 0x00000000eea00000, 0x00000000eea00000|100%| E|CS|TAMS 0x00000000ee900000, 0x00000000ee900000| Complete 
| 234|0x00000000eea00000, 0x00000000eeb00000, 0x00000000eeb00000|100%| E|CS|TAMS 0x00000000eea00000, 0x00000000eea00000| Complete 
| 235|0x00000000eeb00000, 0x00000000eec00000, 0x00000000eec00000|100%| E|CS|TAMS 0x00000000eeb00000, 0x00000000eeb00000| Complete 
| 236|0x00000000eec00000, 0x00000000eed00000, 0x00000000eed00000|100%| E|CS|TAMS 0x00000000eec00000, 0x00000000eec00000| Complete 
| 237|0x00000000eed00000, 0x00000000eee00000, 0x00000000eee00000|100%| E|CS|TAMS 0x00000000eed00000, 0x00000000eed00000| Complete 
| 238|0x00000000eee00000, 0x00000000eef00000, 0x00000000eef00000|100%| E|CS|TAMS 0x00000000eee00000, 0x00000000eee00000| Complete 
| 239|0x00000000eef00000, 0x00000000ef000000, 0x00000000ef000000|100%| E|CS|TAMS 0x00000000eef00000, 0x00000000eef00000| Complete 
| 240|0x00000000ef000000, 0x00000000ef100000, 0x00000000ef100000|100%| E|CS|TAMS 0x00000000ef000000, 0x00000000ef000000| Complete 
| 241|0x00000000ef100000, 0x00000000ef200000, 0x00000000ef200000|100%| E|CS|TAMS 0x00000000ef100000, 0x00000000ef100000| Complete 
| 242|0x00000000ef200000, 0x00000000ef300000, 0x00000000ef300000|100%| E|CS|TAMS 0x00000000ef200000, 0x00000000ef200000| Complete 
| 243|0x00000000ef300000, 0x00000000ef400000, 0x00000000ef400000|100%| E|CS|TAMS 0x00000000ef300000, 0x00000000ef300000| Complete 
| 244|0x00000000ef400000, 0x00000000ef500000, 0x00000000ef500000|100%| E|CS|TAMS 0x00000000ef400000, 0x00000000ef400000| Complete 
| 245|0x00000000ef500000, 0x00000000ef600000, 0x00000000ef600000|100%| E|CS|TAMS 0x00000000ef500000, 0x00000000ef500000| Complete 
| 246|0x00000000ef600000, 0x00000000ef700000, 0x00000000ef700000|100%| E|CS|TAMS 0x00000000ef600000, 0x00000000ef600000| Complete 
| 247|0x00000000ef700000, 0x00000000ef800000, 0x00000000ef800000|100%| E|CS|TAMS 0x00000000ef700000, 0x00000000ef700000| Complete 
| 248|0x00000000ef800000, 0x00000000ef900000, 0x00000000ef900000|100%| E|CS|TAMS 0x00000000ef800000, 0x00000000ef800000| Complete 
| 249|0x00000000ef900000, 0x00000000efa00000, 0x00000000efa00000|100%| E|CS|TAMS 0x00000000ef900000, 0x00000000ef900000| Complete 
| 250|0x00000000efa00000, 0x00000000efb00000, 0x00000000efb00000|100%| E|CS|TAMS 0x00000000efa00000, 0x00000000efa00000| Complete 
| 251|0x00000000efb00000, 0x00000000efc00000, 0x00000000efc00000|100%| E|CS|TAMS 0x00000000efb00000, 0x00000000efb00000| Complete 
| 252|0x00000000efc00000, 0x00000000efd00000, 0x00000000efd00000|100%| E|CS|TAMS 0x00000000efc00000, 0x00000000efc00000| Complete 
| 253|0x00000000efd00000, 0x00000000efe00000, 0x00000000efe00000|100%| E|CS|TAMS 0x00000000efd00000, 0x00000000efd00000| Complete 
| 254|0x00000000efe00000, 0x00000000eff00000, 0x00000000eff00000|100%| E|CS|TAMS 0x00000000efe00000, 0x00000000efe00000| Complete 
| 255|0x00000000eff00000, 0x00000000f0000000, 0x00000000f0000000|100%| E|CS|TAMS 0x00000000eff00000, 0x00000000eff00000| Complete 

Card table byte_map: [0x000002a9e5370000,0x000002a9e5470000] _byte_map_base: 0x000002a9e4c70000

Marking Bits (Prev, Next): (CMBitMap*) 0x000002a9ce496980, (CMBitMap*) 0x000002a9ce496940
 Prev Bits: [0x000002a9e5d70000, 0x000002a9e6570000)
 Next Bits: [0x000002a9e5570000, 0x000002a9e5d70000)

Polling page: 0x000002a9cdc40000

Metaspace:

Usage:
  Non-class:     64.29 MB used.
      Class:     10.01 MB used.
       Both:     74.30 MB used.

Virtual space:
  Non-class space:      128.00 MB reserved,      65.06 MB ( 51%) committed,  2 nodes.
      Class space:      320.00 MB reserved,      10.69 MB (  3%) committed,  1 nodes.
             Both:      448.00 MB reserved,      75.75 MB ( 17%) committed. 

Chunk freelists:
   Non-Class:  14.05 MB
       Class:  5.30 MB
        Both:  19.35 MB

MaxMetaspaceSize: 384.00 MB
CompressedClassSpaceSize: 320.00 MB
Initial GC threshold: 21.00 MB
Current GC threshold: 99.62 MB
CDS: on
MetaspaceReclaimPolicy: balanced
 - commit_granule_bytes: 65536.
 - commit_granule_words: 8192.
 - virtual_space_node_default_size: 8388608.
 - enlarge_chunks_in_place: 1.
 - new_chunks_are_fully_committed: 0.
 - uncommit_free_chunks: 1.
 - use_allocation_guard: 0.
 - handle_deallocations: 1.


Internal statistics:

num_allocs_failed_limit: 12.
num_arena_births: 2356.
num_arena_deaths: 0.
num_vsnodes_births: 3.
num_vsnodes_deaths: 0.
num_space_committed: 1212.
num_space_uncommitted: 0.
num_chunks_returned_to_freelist: 12.
num_chunks_taken_from_freelist: 6001.
num_chunk_merges: 9.
num_chunk_splits: 3522.
num_chunks_enlarged: 1717.
num_inconsistent_stats: 0.

CodeHeap 'non-profiled nmethods': size=120000Kb used=11017Kb max_used=11291Kb free=108982Kb
 bounds [0x000002a9dd7f0000, 0x000002a9de310000, 0x000002a9e4d20000]
CodeHeap 'profiled nmethods': size=120000Kb used=30203Kb max_used=30481Kb free=89797Kb
 bounds [0x000002a9d5d20000, 0x000002a9d7af0000, 0x000002a9dd250000]
CodeHeap 'non-nmethods': size=5760Kb used=2375Kb max_used=2470Kb free=3384Kb
 bounds [0x000002a9dd250000, 0x000002a9dd4d0000, 0x000002a9dd7f0000]
 total_blobs=16045 nmethods=15141 adapters=813
 compilation: enabled
              stopped_count=0, restarted_count=0
 full_count=0

Compilation events (20 events):
Event: 1133.777 Thread 0x000002a984a1f7b0 nmethod 18213 0x000002a9de168090 code [0x000002a9de1682c0, 0x000002a9de169b60]
Event: 1133.777 Thread 0x000002a984a1f7b0 18255       4       org.gradle.internal.component.external.model.DefaultModuleComponentArtifactMetadata::getName (8 bytes)
Event: 1133.777 Thread 0x000002a9e99cfd80 nmethod 18252 0x000002a9ddf2e290 code [0x000002a9ddf2e400, 0x000002a9ddf2e4b8]
Event: 1133.777 Thread 0x000002a9e99cfd80 18166       4       org.gradle.api.internal.DefaultMutationGuard$GuardState::initialValue (5 bytes)
Event: 1133.777 Thread 0x000002a984a1f7b0 nmethod 18255 0x000002a9dde88210 code [0x000002a9dde88380, 0x000002a9dde88418]
Event: 1133.777 Thread 0x000002a984a1f7b0 18156   !   4       com.google.common.cache.LocalCache$Segment::runLockedCleanup (39 bytes)
Event: 1133.777 Thread 0x000002a9e99cfd80 nmethod 18166 0x000002a9dde87f10 code [0x000002a9dde88080, 0x000002a9dde880f8]
Event: 1133.777 Thread 0x000002a9e99cfd80 18251       4       org.gradle.api.internal.artifacts.ivyservice.resolveengine.graph.builder.ComponentState::evict (8 bytes)
Event: 1133.778 Thread 0x000002a9e99cfd80 nmethod 18251 0x000002a9dde87c10 code [0x000002a9dde87d80, 0x000002a9dde87eb8]
Event: 1133.781 Thread 0x000002a9e99cfd80 18259   !   4       org.gradle.internal.serialize.ExceptionReplacingObjectOutputStream$1::transform (15 bytes)
Event: 1133.783 Thread 0x000002a9e91b7f50 18261       3       org.gradle.api.internal.provider.TransformBackedProvider::beforeRead (21 bytes)
Event: 1133.784 Thread 0x000002a9e91b7f50 nmethod 18261 0x000002a9d639eb90 code [0x000002a9d639eda0, 0x000002a9d639f4c8]
Event: 1133.784 Thread 0x000002a9e91b7f50 18262       3       org.gradle.api.internal.provider.TransformBackedProvider$$Lambda$865/0x000002a9eb6552c8::<init> (10 bytes)
Event: 1133.784 Thread 0x000002a9e91b7f50 nmethod 18262 0x000002a9d6a9d290 code [0x000002a9d6a9d420, 0x000002a9d6a9d5d8]
Event: 1133.785 Thread 0x000002a9e91b4090 nmethod 18246 0x000002a9de166590 code [0x000002a9de1667c0, 0x000002a9de167968]
Event: 1133.785 Thread 0x000002a9e91b4090 18260       4       java.util.concurrent.atomic.AtomicInteger::addAndGet (14 bytes)
Event: 1133.785 Thread 0x000002a9e91b4090 nmethod 18260 0x000002a9dde87910 code [0x000002a9dde87a80, 0x000002a9dde87b18]
Event: 1133.785 Thread 0x000002a9e91b4090 18263       4       java.util.concurrent.ThreadPoolExecutor::ctlOf (4 bytes)
Event: 1133.785 Thread 0x000002a9e91b4090 nmethod 18263 0x000002a9dde87610 code [0x000002a9dde87780, 0x000002a9dde877d8]
Event: 1133.797 Thread 0x000002a984a1f7b0 nmethod 18156 0x000002a9de164990 code [0x000002a9de164bc0, 0x000002a9de165af0]

GC Heap History (20 events):
Event: 8.259 GC heap before
{Heap before GC invocations=11 (full 0):
 garbage-first heap   total 262144K, used 111922K [0x00000000e0000000, 0x0000000100000000)
  region size 1024K, 70 young (71680K), 19 survivors (19456K)
 Metaspace       used 60589K, committed 61120K, reserved 393216K
  class space    used 8579K, committed 8832K, reserved 327680K
}
Event: 8.269 GC heap after
{Heap after GC invocations=12 (full 0):
 garbage-first heap   total 262144K, used 57390K [0x00000000e0000000, 0x0000000100000000)
  region size 1024K, 5 young (5120K), 5 survivors (5120K)
 Metaspace       used 60589K, committed 61120K, reserved 393216K
  class space    used 8579K, committed 8832K, reserved 327680K
}
Event: 303.241 GC heap before
{Heap before GC invocations=13 (full 0):
 garbage-first heap   total 262144K, used 195630K [0x00000000e0000000, 0x0000000100000000)
  region size 1024K, 141 young (144384K), 5 survivors (5120K)
 Metaspace       used 64076K, committed 64768K, reserved 393216K
  class space    used 8931K, committed 9280K, reserved 327680K
}
Event: 303.250 GC heap after
{Heap after GC invocations=14 (full 0):
 garbage-first heap   total 262144K, used 65744K [0x00000000e0000000, 0x0000000100000000)
  region size 1024K, 13 young (13312K), 13 survivors (13312K)
 Metaspace       used 64076K, committed 64768K, reserved 393216K
  class space    used 8931K, committed 9280K, reserved 327680K
}
Event: 443.667 GC heap before
{Heap before GC invocations=14 (full 0):
 garbage-first heap   total 262144K, used 197840K [0x00000000e0000000, 0x0000000100000000)
  region size 1024K, 143 young (146432K), 13 survivors (13312K)
 Metaspace       used 64997K, committed 65792K, reserved 393216K
  class space    used 8973K, committed 9344K, reserved 327680K
}
Event: 443.675 GC heap after
{Heap after GC invocations=15 (full 0):
 garbage-first heap   total 262144K, used 68160K [0x00000000e0000000, 0x0000000100000000)
  region size 1024K, 12 young (12288K), 12 survivors (12288K)
 Metaspace       used 64997K, committed 65792K, reserved 393216K
  class space    used 8973K, committed 9344K, reserved 327680K
}
Event: 871.622 GC heap before
{Heap before GC invocations=15 (full 0):
 garbage-first heap   total 262144K, used 198208K [0x00000000e0000000, 0x0000000100000000)
  region size 1024K, 140 young (143360K), 12 survivors (12288K)
 Metaspace       used 65417K, committed 66176K, reserved 393216K
  class space    used 8982K, committed 9344K, reserved 327680K
}
Event: 871.630 GC heap after
{Heap after GC invocations=16 (full 0):
 garbage-first heap   total 262144K, used 76934K [0x00000000e0000000, 0x0000000100000000)
  region size 1024K, 18 young (18432K), 18 survivors (18432K)
 Metaspace       used 65417K, committed 66176K, reserved 393216K
  class space    used 8982K, committed 9344K, reserved 327680K
}
Event: 911.527 GC heap before
{Heap before GC invocations=16 (full 0):
 garbage-first heap   total 262144K, used 191622K [0x00000000e0000000, 0x0000000100000000)
  region size 1024K, 131 young (134144K), 18 survivors (18432K)
 Metaspace       used 65897K, committed 66688K, reserved 393216K
  class space    used 8998K, committed 9408K, reserved 327680K
}
Event: 911.531 GC heap after
{Heap after GC invocations=17 (full 0):
 garbage-first heap   total 262144K, used 68071K [0x00000000e0000000, 0x0000000100000000)
  region size 1024K, 6 young (6144K), 6 survivors (6144K)
 Metaspace       used 65897K, committed 66688K, reserved 393216K
  class space    used 8998K, committed 9408K, reserved 327680K
}
Event: 952.475 GC heap before
{Heap before GC invocations=17 (full 0):
 garbage-first heap   total 262144K, used 195047K [0x00000000e0000000, 0x0000000100000000)
  region size 1024K, 131 young (134144K), 6 survivors (6144K)
 Metaspace       used 66401K, committed 67264K, reserved 393216K
  class space    used 9028K, committed 9472K, reserved 327680K
}
Event: 952.477 GC heap after
{Heap after GC invocations=18 (full 0):
 garbage-first heap   total 262144K, used 65770K [0x00000000e0000000, 0x0000000100000000)
  region size 1024K, 4 young (4096K), 4 survivors (4096K)
 Metaspace       used 66401K, committed 67264K, reserved 393216K
  class space    used 9028K, committed 9472K, reserved 327680K
}
Event: 1041.949 GC heap before
{Heap before GC invocations=18 (full 0):
 garbage-first heap   total 262144K, used 199914K [0x00000000e0000000, 0x0000000100000000)
  region size 1024K, 136 young (139264K), 4 survivors (4096K)
 Metaspace       used 67515K, committed 68416K, reserved 393216K
  class space    used 9159K, committed 9600K, reserved 327680K
}
Event: 1041.952 GC heap after
{Heap after GC invocations=19 (full 0):
 garbage-first heap   total 262144K, used 64011K [0x00000000e0000000, 0x0000000100000000)
  region size 1024K, 2 young (2048K), 2 survivors (2048K)
 Metaspace       used 67515K, committed 68416K, reserved 393216K
  class space    used 9159K, committed 9600K, reserved 327680K
}
Event: 1042.884 GC heap before
{Heap before GC invocations=19 (full 0):
 garbage-first heap   total 262144K, used 206347K [0x00000000e0000000, 0x0000000100000000)
  region size 1024K, 142 young (145408K), 2 survivors (2048K)
 Metaspace       used 69646K, committed 70464K, reserved 393216K
  class space    used 9484K, committed 9856K, reserved 327680K
}
Event: 1042.894 GC heap after
{Heap after GC invocations=20 (full 0):
 garbage-first heap   total 262144K, used 71365K [0x00000000e0000000, 0x0000000100000000)
  region size 1024K, 9 young (9216K), 9 survivors (9216K)
 Metaspace       used 69646K, committed 70464K, reserved 393216K
  class space    used 9484K, committed 9856K, reserved 327680K
}
Event: 1043.940 GC heap before
{Heap before GC invocations=20 (full 0):
 garbage-first heap   total 262144K, used 207557K [0x00000000e0000000, 0x0000000100000000)
  region size 1024K, 143 young (146432K), 9 survivors (9216K)
 Metaspace       used 73620K, committed 74496K, reserved 393216K
  class space    used 9889K, committed 10304K, reserved 327680K
}
Event: 1043.952 GC heap after
{Heap after GC invocations=21 (full 0):
 garbage-first heap   total 262144K, used 78603K [0x00000000e0000000, 0x0000000100000000)
  region size 1024K, 16 young (16384K), 16 survivors (16384K)
 Metaspace       used 73620K, committed 74496K, reserved 393216K
  class space    used 9889K, committed 10304K, reserved 327680K
}
Event: 1077.234 GC heap before
{Heap before GC invocations=21 (full 0):
 garbage-first heap   total 262144K, used 208651K [0x00000000e0000000, 0x0000000100000000)
  region size 1024K, 144 young (147456K), 16 survivors (16384K)
 Metaspace       used 75926K, committed 77312K, reserved 458752K
  class space    used 10237K, committed 10944K, reserved 327680K
}
Event: 1077.246 GC heap after
{Heap after GC invocations=22 (full 0):
 garbage-first heap   total 262144K, used 81333K [0x00000000e0000000, 0x0000000100000000)
  region size 1024K, 12 young (12288K), 12 survivors (12288K)
 Metaspace       used 75926K, committed 77312K, reserved 458752K
  class space    used 10237K, committed 10944K, reserved 327680K
}

Deoptimization events (20 events):
Event: 1133.771 Thread 0x000002a986d31170 Uncommon trap: reason=unstable_if action=reinterpret pc=0x000002a9de0dd858 method=org.gradle.internal.operations.DefaultBuildOperationRunner.assertParentRunning(Ljava/lang/String;Lorg/gradle/internal/operations/BuildOperationDescriptor;Lorg/gradle/interna
Event: 1133.771 Thread 0x000002a986d34410 Uncommon trap: trap_request=0xffffff45 fr.pc=0x000002a9de0dd858 relative=0x0000000000000058
Event: 1133.771 Thread 0x000002a986d325b0 Uncommon trap: reason=unstable_if action=reinterpret pc=0x000002a9de0dd858 method=org.gradle.internal.operations.DefaultBuildOperationRunner.assertParentRunning(Ljava/lang/String;Lorg/gradle/internal/operations/BuildOperationDescriptor;Lorg/gradle/interna
Event: 1133.771 Thread 0x000002a986d2fd30 Uncommon trap: reason=unstable_if action=reinterpret pc=0x000002a9de0dd858 method=org.gradle.internal.operations.DefaultBuildOperationRunner.assertParentRunning(Ljava/lang/String;Lorg/gradle/internal/operations/BuildOperationDescriptor;Lorg/gradle/interna
Event: 1133.771 Thread 0x000002a986d339f0 Uncommon trap: trap_request=0xffffff45 fr.pc=0x000002a9de0dd858 relative=0x0000000000000058
Event: 1133.771 Thread 0x000002a986d35340 Uncommon trap: reason=unstable_if action=reinterpret pc=0x000002a9de0dd858 method=org.gradle.internal.operations.DefaultBuildOperationRunner.assertParentRunning(Ljava/lang/String;Lorg/gradle/internal/operations/BuildOperationDescriptor;Lorg/gradle/interna
Event: 1133.771 Thread 0x000002a986d34410 Uncommon trap: reason=unstable_if action=reinterpret pc=0x000002a9de0dd858 method=org.gradle.internal.operations.DefaultBuildOperationRunner.assertParentRunning(Ljava/lang/String;Lorg/gradle/internal/operations/BuildOperationDescriptor;Lorg/gradle/interna
Event: 1133.771 Thread 0x000002a986d339f0 Uncommon trap: reason=unstable_if action=reinterpret pc=0x000002a9de0dd858 method=org.gradle.internal.operations.DefaultBuildOperationRunner.assertParentRunning(Ljava/lang/String;Lorg/gradle/internal/operations/BuildOperationDescriptor;Lorg/gradle/interna
Event: 1133.771 Thread 0x000002a986d31170 DEOPT PACKING pc=0x000002a9de0dd858 sp=0x000000fcb19fe850
Event: 1133.771 Thread 0x000002a986d325b0 DEOPT PACKING pc=0x000002a9de0dd858 sp=0x000000fcb1afea00
Event: 1133.771 Thread 0x000002a986d2fd30 DEOPT PACKING pc=0x000002a9de0dd858 sp=0x000000fcb18fece0
Event: 1133.771 Thread 0x000002a986d325b0 DEOPT UNPACKING pc=0x000002a9dd2a23a3 sp=0x000000fcb1afe990 mode 2
Event: 1133.771 Thread 0x000002a986d31170 DEOPT UNPACKING pc=0x000002a9dd2a23a3 sp=0x000000fcb19fe7e0 mode 2
Event: 1133.771 Thread 0x000002a986d35340 DEOPT PACKING pc=0x000002a9de0dd858 sp=0x000000fcb1bfe720
Event: 1133.771 Thread 0x000002a986d2fd30 DEOPT UNPACKING pc=0x000002a9dd2a23a3 sp=0x000000fcb18fec70 mode 2
Event: 1133.771 Thread 0x000002a986d34410 DEOPT PACKING pc=0x000002a9de0dd858 sp=0x000000fcb17fee80
Event: 1133.771 Thread 0x000002a986d35340 DEOPT UNPACKING pc=0x000002a9dd2a23a3 sp=0x000000fcb1bfe6b0 mode 2
Event: 1133.771 Thread 0x000002a986d34410 DEOPT UNPACKING pc=0x000002a9dd2a23a3 sp=0x000000fcb17fee10 mode 2
Event: 1133.771 Thread 0x000002a986d339f0 DEOPT PACKING pc=0x000002a9de0dd858 sp=0x000000fcb16fe870
Event: 1133.771 Thread 0x000002a986d339f0 DEOPT UNPACKING pc=0x000002a9dd2a23a3 sp=0x000000fcb16fe800 mode 2

Classes unloaded (0 events):
No events

Classes redefined (0 events):
No events

Internal exceptions (20 events):
Event: 1077.023 Thread 0x000002a984f8d810 Exception <a 'java/lang/ClassNotFoundException'{0x00000000e97b0d00}: GradleDaemonClasspathEnhancerBeanInfo> (0x00000000e97b0d00) 
thrown [s\open\src\hotspot\share\classfile\systemDictionary.cpp, line 256]
Event: 1077.023 Thread 0x000002a984f8d810 Exception <a 'java/lang/ClassNotFoundException'{0x00000000e97b8858}: GradleDaemonClasspathEnhancerCustomizer> (0x00000000e97b8858) 
thrown [s\open\src\hotspot\share\classfile\systemDictionary.cpp, line 256]
Event: 1077.029 Thread 0x000002a984f8d810 Exception <a 'java/lang/ClassNotFoundException'{0x00000000e9609ce8}: ijresolvers5_axhu0ku7gjgzkv3f29mxez7ar$1BeanInfo> (0x00000000e9609ce8) 
thrown [s\open\src\hotspot\share\classfile\systemDictionary.cpp, line 256]
Event: 1077.029 Thread 0x000002a984f8d810 Exception <a 'java/lang/ClassNotFoundException'{0x00000000e9610668}: ijresolvers5_axhu0ku7gjgzkv3f29mxez7ar$1Customizer> (0x00000000e9610668) 
thrown [s\open\src\hotspot\share\classfile\systemDictionary.cpp, line 256]
Event: 1077.102 Thread 0x000002a986d376b0 Exception <a 'sun/nio/fs/WindowsException'{0x00000000e968add0}> (0x00000000e968add0) 
thrown [s\open\src\hotspot\share\prims\jni.cpp, line 516]
Event: 1077.387 Thread 0x000002a984eef9b0 Exception <a 'java/io/IOException'{0x00000000ef5bed00}> (0x00000000ef5bed00) 
thrown [s\open\src\hotspot\share\prims\jni.cpp, line 516]
Event: 1077.390 Thread 0x000002a984b1ffa0 Exception <a 'java/io/IOException'{0x00000000ef5805a8}> (0x00000000ef5805a8) 
thrown [s\open\src\hotspot\share\prims\jni.cpp, line 516]
Event: 1081.664 Thread 0x000002a984f8d810 Exception <a 'sun/nio/fs/WindowsException'{0x00000000ef179360}> (0x00000000ef179360) 
thrown [s\open\src\hotspot\share\prims\jni.cpp, line 516]
Event: 1081.664 Thread 0x000002a984f8d810 Exception <a 'sun/nio/fs/WindowsException'{0x00000000ef17a8c0}> (0x00000000ef17a8c0) 
thrown [s\open\src\hotspot\share\prims\jni.cpp, line 516]
Event: 1081.665 Thread 0x000002a984f8d810 Exception <a 'sun/nio/fs/WindowsException'{0x00000000ef17be20}> (0x00000000ef17be20) 
thrown [s\open\src\hotspot\share\prims\jni.cpp, line 516]
Event: 1081.665 Thread 0x000002a984f8d810 Exception <a 'sun/nio/fs/WindowsException'{0x00000000ef17d380}> (0x00000000ef17d380) 
thrown [s\open\src\hotspot\share\prims\jni.cpp, line 516]
Event: 1081.760 Thread 0x000002a9840147b0 Exception <a 'sun/nio/fs/WindowsException'{0x00000000ee88d948}> (0x00000000ee88d948) 
thrown [s\open\src\hotspot\share\prims\jni.cpp, line 516]
Event: 1082.013 Thread 0x000002a984eef9b0 Exception <a 'java/io/IOException'{0x00000000ef4184c0}> (0x00000000ef4184c0) 
thrown [s\open\src\hotspot\share\prims\jni.cpp, line 516]
Event: 1082.016 Thread 0x000002a984ef4fc0 Exception <a 'java/io/IOException'{0x00000000ed14d450}> (0x00000000ed14d450) 
thrown [s\open\src\hotspot\share\prims\jni.cpp, line 516]
Event: 1133.660 Thread 0x000002a984f8d810 Exception <a 'sun/nio/fs/WindowsException'{0x00000000ecef0fd8}> (0x00000000ecef0fd8) 
thrown [s\open\src\hotspot\share\prims\jni.cpp, line 516]
Event: 1133.660 Thread 0x000002a984f8d810 Exception <a 'sun/nio/fs/WindowsException'{0x00000000ecef2538}> (0x00000000ecef2538) 
thrown [s\open\src\hotspot\share\prims\jni.cpp, line 516]
Event: 1133.661 Thread 0x000002a984f8d810 Exception <a 'sun/nio/fs/WindowsException'{0x00000000ecef3a98}> (0x00000000ecef3a98) 
thrown [s\open\src\hotspot\share\prims\jni.cpp, line 516]
Event: 1133.661 Thread 0x000002a984f8d810 Exception <a 'sun/nio/fs/WindowsException'{0x00000000ecef4ff8}> (0x00000000ecef4ff8) 
thrown [s\open\src\hotspot\share\prims\jni.cpp, line 516]
Event: 1133.748 Thread 0x000002a984014cc0 Exception <a 'sun/nio/fs/WindowsException'{0x00000000ec40b340}> (0x00000000ec40b340) 
thrown [s\open\src\hotspot\share\prims\jni.cpp, line 516]
Event: 1133.771 Thread 0x000002a984014cc0 Exception <a 'java/lang/OutOfMemoryError'{0x00000000ec241ee8}: unable to create native thread: possibly out of memory or process/resource limits reached> (0x00000000ec241ee8) 
thrown [s\open\src\hotspot\share\prims\jvm.cpp, line 2923]

VM Operations (20 events):
Event: 1076.789 Executing VM operation: ICBufferFull
Event: 1076.789 Executing VM operation: ICBufferFull done
Event: 1076.958 Executing VM operation: ICBufferFull
Event: 1076.958 Executing VM operation: ICBufferFull done
Event: 1077.233 Executing VM operation: G1CollectForAllocation
Event: 1077.246 Executing VM operation: G1CollectForAllocation done
Event: 1078.248 Executing VM operation: Cleanup
Event: 1078.248 Executing VM operation: Cleanup done
Event: 1081.223 Executing VM operation: HandshakeAllThreads
Event: 1081.223 Executing VM operation: HandshakeAllThreads done
Event: 1082.030 Executing VM operation: HandshakeAllThreads
Event: 1082.030 Executing VM operation: HandshakeAllThreads done
Event: 1082.030 Executing VM operation: Cleanup
Event: 1082.030 Executing VM operation: Cleanup done
Event: 1083.041 Executing VM operation: Cleanup
Event: 1083.041 Executing VM operation: Cleanup done
Event: 1092.098 Executing VM operation: Cleanup
Event: 1092.098 Executing VM operation: Cleanup done
Event: 1112.237 Executing VM operation: Cleanup
Event: 1112.237 Executing VM operation: Cleanup done

Events (20 events):
Event: 1133.778 Thread 0x000002a984013880 Thread exited: 0x000002a984013880
Event: 1133.778 Thread 0x000002a984016100 Thread exited: 0x000002a984016100
Event: 1133.778 Thread 0x000002a984010af0 Thread exited: 0x000002a984010af0
Event: 1133.778 Thread 0x000002a984012950 Thread exited: 0x000002a984012950
Event: 1133.779 Thread 0x000002a986d36780 Thread added: 0x000002a986d36780
Event: 1133.780 Thread 0x000002a986d36780 Thread exited: 0x000002a986d36780
Event: 1133.782 Thread 0x000002a984eee570 Thread exited: 0x000002a984eee570
Event: 1133.782 Thread 0x000002a984ef08e0 Thread exited: 0x000002a984ef08e0
Event: 1133.782 Thread 0x000002a984ef1300 Thread exited: 0x000002a984ef1300
Event: 1133.783 Thread 0x000002a984011000 Thread exited: 0x000002a984011000
Event: 1133.783 Thread 0x000002a9840142a0 Thread exited: 0x000002a9840142a0
Event: 1133.783 Thread 0x000002a984016b20 Thread exited: 0x000002a984016b20
Event: 1133.783 Thread 0x000002a984012e60 Thread exited: 0x000002a984012e60
Event: 1133.783 Thread 0x000002a986d30c60 Thread exited: 0x000002a986d30c60
Event: 1133.783 Thread 0x000002a9840151d0 Thread exited: 0x000002a9840151d0
Event: 1133.783 Thread 0x000002a984017030 Thread exited: 0x000002a984017030
Event: 1133.783 Thread 0x000002a984011a20 Thread exited: 0x000002a984011a20
Event: 1133.783 Thread 0x000002a9840147b0 Thread exited: 0x000002a9840147b0
Event: 1133.783 Thread 0x000002a986d320a0 Thread exited: 0x000002a986d320a0
Event: 1133.783 Thread 0x000002a984011510 Thread exited: 0x000002a984011510


Dynamic libraries:
0x00007ff70caa0000 - 0x00007ff70cab0000 	C:\Program Files\Java\jdk-17\bin\java.exe
0x00007ffee83b0000 - 0x00007ffee85a8000 	C:\WINDOWS\SYSTEM32\ntdll.dll
0x00007ffee65e0000 - 0x00007ffee669d000 	C:\WINDOWS\System32\KERNEL32.DLL
0x00007ffee5f80000 - 0x00007ffee6276000 	C:\WINDOWS\System32\KERNELBASE.dll
0x00007ffee5a80000 - 0x00007ffee5b80000 	C:\WINDOWS\System32\ucrtbase.dll
0x00007ffed29b0000 - 0x00007ffed29c9000 	C:\Program Files\Java\jdk-17\bin\jli.dll
0x00007ffec57e0000 - 0x00007ffec57fb000 	C:\Program Files\Java\jdk-17\bin\VCRUNTIME140.dll
0x00007ffee66a0000 - 0x00007ffee6753000 	C:\WINDOWS\System32\ADVAPI32.dll
0x00007ffee7df0000 - 0x00007ffee7e8e000 	C:\WINDOWS\System32\msvcrt.dll
0x00007ffee80d0000 - 0x00007ffee816f000 	C:\WINDOWS\System32\sechost.dll
0x00007ffee7fa0000 - 0x00007ffee80c6000 	C:\WINDOWS\System32\RPCRT4.dll
0x00007ffee63d0000 - 0x00007ffee63f7000 	C:\WINDOWS\System32\bcrypt.dll
0x00007ffee7b70000 - 0x00007ffee7d0e000 	C:\WINDOWS\System32\USER32.dll
0x00007ffee6330000 - 0x00007ffee6352000 	C:\WINDOWS\System32\win32u.dll
0x00007ffec5180000 - 0x00007ffec541a000 	C:\WINDOWS\WinSxS\amd64_microsoft.windows.common-controls_6595b64144ccf1df_6.0.19041.3636_none_60b6a03d71f818d5\COMCTL32.dll
0x00007ffee6d40000 - 0x00007ffee6d6c000 	C:\WINDOWS\System32\GDI32.dll
0x00007ffee5c10000 - 0x00007ffee5d2a000 	C:\WINDOWS\System32\gdi32full.dll
0x00007ffee5ee0000 - 0x00007ffee5f7d000 	C:\WINDOWS\System32\msvcp_win.dll
0x00007ffee0b60000 - 0x00007ffee0b6a000 	C:\WINDOWS\SYSTEM32\VERSION.dll
0x00007ffee7930000 - 0x00007ffee7960000 	C:\WINDOWS\System32\IMM32.DLL
0x00007ffedab50000 - 0x00007ffedab5c000 	C:\Program Files\Java\jdk-17\bin\vcruntime140_1.dll
0x00007ffeba180000 - 0x00007ffeba20e000 	C:\Program Files\Java\jdk-17\bin\msvcp140.dll
0x00007ffe7e5d0000 - 0x00007ffe7f1af000 	C:\Program Files\Java\jdk-17\bin\server\jvm.dll
0x00007ffee7de0000 - 0x00007ffee7de8000 	C:\WINDOWS\System32\PSAPI.DLL
0x00007ffed83a0000 - 0x00007ffed83c7000 	C:\WINDOWS\SYSTEM32\WINMM.dll
0x00007ffee16d0000 - 0x00007ffee16d9000 	C:\WINDOWS\SYSTEM32\WSOCK32.dll
0x00007ffee78c0000 - 0x00007ffee792b000 	C:\WINDOWS\System32\WS2_32.dll
0x00007ffee3940000 - 0x00007ffee3952000 	C:\WINDOWS\SYSTEM32\kernel.appcore.dll
0x00007ffed2d00000 - 0x00007ffed2d0a000 	C:\Program Files\Java\jdk-17\bin\jimage.dll
0x00007ffeddf90000 - 0x00007ffede174000 	C:\WINDOWS\SYSTEM32\DBGHELP.DLL
0x00007ffeddf00000 - 0x00007ffeddf34000 	C:\WINDOWS\SYSTEM32\dbgcore.DLL
0x00007ffee5b80000 - 0x00007ffee5c02000 	C:\WINDOWS\System32\bcryptPrimitives.dll
0x00007ffec6d80000 - 0x00007ffec6d8e000 	C:\Program Files\Java\jdk-17\bin\instrument.dll
0x00007ffec1cc0000 - 0x00007ffec1ce5000 	C:\Program Files\Java\jdk-17\bin\java.dll
0x00007ffeb86a0000 - 0x00007ffeb8777000 	C:\Program Files\Java\jdk-17\bin\jsvml.dll
0x00007ffee6da0000 - 0x00007ffee74e5000 	C:\WINDOWS\System32\SHELL32.dll
0x00007ffee3b50000 - 0x00007ffee42eb000 	C:\WINDOWS\SYSTEM32\windows.storage.dll
0x00007ffee7560000 - 0x00007ffee78b4000 	C:\WINDOWS\System32\combase.dll
0x00007ffee54b0000 - 0x00007ffee54dd000 	C:\WINDOWS\SYSTEM32\Wldp.dll
0x00007ffee7e90000 - 0x00007ffee7f3d000 	C:\WINDOWS\System32\SHCORE.dll
0x00007ffee6870000 - 0x00007ffee68c5000 	C:\WINDOWS\System32\shlwapi.dll
0x00007ffee59b0000 - 0x00007ffee59d5000 	C:\WINDOWS\SYSTEM32\profapi.dll
0x00007ffec3200000 - 0x00007ffec3218000 	C:\Program Files\Java\jdk-17\bin\zip.dll
0x00007ffec08f0000 - 0x00007ffec0909000 	C:\Program Files\Java\jdk-17\bin\net.dll
0x00007ffede5a0000 - 0x00007ffede6aa000 	C:\WINDOWS\SYSTEM32\WINHTTP.dll
0x00007ffee5210000 - 0x00007ffee527a000 	C:\WINDOWS\system32\mswsock.dll
0x00007ffec08d0000 - 0x00007ffec08e6000 	C:\Program Files\Java\jdk-17\bin\nio.dll
0x00007ffec6690000 - 0x00007ffec66a0000 	C:\Program Files\Java\jdk-17\bin\verify.dll
0x00007ffec0510000 - 0x00007ffec0537000 	C:\Users\AMDDESK\.gradle\native\c067742578af261105cb4f569cf0c3c89f3d7b1fecec35dd04571415982c5e48\windows-amd64\native-platform.dll
0x00007ffeb5080000 - 0x00007ffeb51c4000 	C:\Users\AMDDESK\.gradle\native\38dada09dfb8b06ba9b0570ebf7e218e3eb74d4ef43ca46872605cf95ebc2f47\windows-amd64\native-platform-file-events.dll
0x00007ffec6510000 - 0x00007ffec651a000 	C:\Program Files\Java\jdk-17\bin\management.dll
0x00007ffec6180000 - 0x00007ffec618b000 	C:\Program Files\Java\jdk-17\bin\management_ext.dll
0x00007ffee5410000 - 0x00007ffee5428000 	C:\WINDOWS\SYSTEM32\CRYPTSP.dll
0x00007ffee4ad0000 - 0x00007ffee4b04000 	C:\WINDOWS\system32\rsaenh.dll
0x00007ffee5970000 - 0x00007ffee599e000 	C:\WINDOWS\SYSTEM32\USERENV.dll
0x00007ffee5400000 - 0x00007ffee540c000 	C:\WINDOWS\SYSTEM32\CRYPTBASE.dll
0x00007ffee4eb0000 - 0x00007ffee4eeb000 	C:\WINDOWS\SYSTEM32\IPHLPAPI.DLL
0x00007ffee74f0000 - 0x00007ffee74f8000 	C:\WINDOWS\System32\NSI.dll
0x00007ffededd0000 - 0x00007ffedede7000 	C:\WINDOWS\SYSTEM32\dhcpcsvc6.DLL
0x00007ffedf3d0000 - 0x00007ffedf3ed000 	C:\WINDOWS\SYSTEM32\dhcpcsvc.DLL
0x00007ffee4f00000 - 0x00007ffee4fca000 	C:\WINDOWS\SYSTEM32\DNSAPI.dll
0x00007ffec5ad0000 - 0x00007ffec5ade000 	C:\Program Files\Java\jdk-17\bin\sunmscapi.dll
0x00007ffee5d30000 - 0x00007ffee5e8d000 	C:\WINDOWS\System32\CRYPT32.dll
0x00007ffee5520000 - 0x00007ffee5548000 	C:\WINDOWS\SYSTEM32\ncrypt.dll
0x00007ffee54e0000 - 0x00007ffee551b000 	C:\WINDOWS\SYSTEM32\NTASN1.dll
0x00007ffedded0000 - 0x00007ffedded7000 	C:\WINDOWS\system32\wshunix.dll

dbghelp: loaded successfully - version: 4.0.5 - missing functions: none
symbol engine: initialized successfully - sym options: 0x614 - pdb path: .;C:\Program Files\Java\jdk-17\bin;C:\WINDOWS\SYSTEM32;C:\WINDOWS\WinSxS\amd64_microsoft.windows.common-controls_6595b64144ccf1df_6.0.19041.3636_none_60b6a03d71f818d5;C:\Program Files\Java\jdk-17\bin\server;C:\Users\AMDDESK\.gradle\native\c067742578af261105cb4f569cf0c3c89f3d7b1fecec35dd04571415982c5e48\windows-amd64;C:\Users\AMDDESK\.gradle\native\38dada09dfb8b06ba9b0570ebf7e218e3eb74d4ef43ca46872605cf95ebc2f47\windows-amd64

VM Arguments:
jvm_args: --add-opens=java.base/java.util=ALL-UNNAMED --add-opens=java.base/java.lang=ALL-UNNAMED --add-opens=java.base/java.lang.invoke=ALL-UNNAMED --add-opens=java.prefs/java.util.prefs=ALL-UNNAMED --add-opens=java.base/java.nio.charset=ALL-UNNAMED --add-opens=java.base/java.net=ALL-UNNAMED --add-opens=java.base/java.util.concurrent.atomic=ALL-UNNAMED -XX:MaxMetaspaceSize=384m -XX:+HeapDumpOnOutOfMemoryError -Xms256m -Xmx512m -Dfile.encoding=windows-1251 -Duser.country=US -Duser.language=en -Duser.variant -javaagent:C:\Users\AMDDESK\.gradle\wrapper\dists\gradle-8.4-bin\1w5dpkrfk8irigvoxmyhowfim\gradle-8.4\lib\agents\gradle-instrumentation-agent-8.4.jar 
java_command: org.gradle.launcher.daemon.bootstrap.GradleDaemon 8.4
java_class_path (initial): C:\Users\AMDDESK\.gradle\wrapper\dists\gradle-8.4-bin\1w5dpkrfk8irigvoxmyhowfim\gradle-8.4\lib\gradle-launcher-8.4.jar
Launcher Type: SUN_STANDARD

[Global flags]
     intx CICompilerCount                          = 4                                         {product} {ergonomic}
   size_t CompressedClassSpaceSize                 = 335544320                                 {product} {ergonomic}
     uint ConcGCThreads                            = 3                                         {product} {ergonomic}
     uint G1ConcRefinementThreads                  = 10                                        {product} {ergonomic}
   size_t G1HeapRegionSize                         = 1048576                                   {product} {ergonomic}
    uintx GCDrainStackTargetSize                   = 64                                        {product} {ergonomic}
     bool HeapDumpOnOutOfMemoryError               = true                                   {manageable} {command line}
   size_t InitialHeapSize                          = 268435456                                 {product} {command line}
   size_t MarkStackSize                            = 4194304                                   {product} {ergonomic}
   size_t MaxHeapSize                              = 536870912                                 {product} {command line}
   size_t MaxMetaspaceSize                         = 402653184                                 {product} {command line}
   size_t MaxNewSize                               = 321912832                                 {product} {ergonomic}
   size_t MinHeapDeltaBytes                        = 1048576                                   {product} {ergonomic}
   size_t MinHeapSize                              = 268435456                                 {product} {command line}
    uintx NonNMethodCodeHeapSize                   = 5839372                                {pd product} {ergonomic}
    uintx NonProfiledCodeHeapSize                  = 122909434                              {pd product} {ergonomic}
    uintx ProfiledCodeHeapSize                     = 122909434                              {pd product} {ergonomic}
    uintx ReservedCodeCacheSize                    = 251658240                              {pd product} {ergonomic}
     bool SegmentedCodeCache                       = true                                      {product} {ergonomic}
   size_t SoftMaxHeapSize                          = 536870912                              {manageable} {ergonomic}
     bool UseCompressedClassPointers               = true                           {product lp64_product} {ergonomic}
     bool UseCompressedOops                        = true                           {product lp64_product} {ergonomic}
     bool UseG1GC                                  = true                                      {product} {ergonomic}
     bool UseLargePagesIndividualAllocation        = false                                  {pd product} {ergonomic}

Logging:
Log output configuration:
 #0: stdout all=warning uptime,level,tags
 #1: stderr all=off uptime,level,tags

Environment Variables:
JAVA_HOME=C:\Program Files\Java\jdk-17
PATH=C:\gradle-7.5.1\bin;C:\WINDOWS\system32;C:\WINDOWS;C:\WINDOWS\System32\Wbem;C:\WINDOWS\System32\WindowsPowerShell\v1.0\;C:\WINDOWS\System32\OpenSSH\;C:\Program Files\Git\cmd;C:\Users\AMDDESK\AppData\Local\Microsoft\WindowsApps;C:\Users\AMDDESK\AppData\Local\JetBrains\Toolbox\scripts;C:\Users\AMDDESK\AppData\Local\Microsoft\WindowsApps;C:\Users\AMDDESK\AppData\Local\GitHubDesktop\bin;
USERNAME=AMDDESK
OS=Windows_NT
PROCESSOR_IDENTIFIER=AMD64 Family 23 Model 8 Stepping 2, AuthenticAMD



---------------  S Y S T E M  ---------------

OS:
 Windows 10 , 64 bit Build 19041 (10.0.19041.3636)
OS uptime: 18 days 18:16 hours

CPU: total 12 (initial active 12) (12 cores per cpu, 2 threads per core) family 23 model 8 stepping 2 microcode 0x0, cx8, cmov, fxsr, ht, mmx, 3dnowpref, sse, sse2, sse3, ssse3, sse4a, sse4.1, sse4.2, popcnt, lzcnt, tsc, tscinvbit, avx, avx2, aes, clmul, bmi1, bmi2, adx, sha, fma, vzeroupper, clflush, clflushopt

Memory: 4k page, system-wide physical 16314M (2919M free)
TotalPageFile size 29743M (AvailPageFile size 4M)
current process WorkingSet (physical memory assigned to process): 509M, peak: 518M
current process commit charge ("private bytes"): 567M, peak: 582M

vm_info: Java HotSpot(TM) 64-Bit Server VM (17.0.10+11-LTS-240) for windows-amd64 JRE (17.0.10+11-LTS-240), built on Dec 19 2023 21:47:25 by "mach5one" with MS VC++ 17.1 (VS2022)

END.
